Device: cpu
Seeds: [1]
======================================================================
Input dim (raw): 377
Classes: 677
Random baseline acc: 0.1477%
======================================================================
[seed 1] Early stopping (no improvement for 10 epochs)
[seed 1] VAL macroF1=0.8419 | TEST acc=0.8494 | macroP/R/F1=0.8243/0.8838/0.8396 | top3=0.9521 | top5=0.9746

GRID_METRIC val_macro_f1 0.841872
GRID_METRIC val_macro_f1_std 0.000000
GRID_METRIC val_acc 0.850635
GRID_METRIC val_top3 0.952375
GRID_METRIC val_top5 0.973064

=== TEST METRICS over seeds (mean ± std) ===
Test Loss       : 0.4483 ± 0.0000
Test Acc        : 0.8494 ± 0.0000
Macro Precision : 0.8243 ± 0.0000
Macro Recall    : 0.8838 ± 0.0000
Macro F1        : 0.8396 ± 0.0000
Top-3 Acc       : 0.9521 ± 0.0000
Top-5 Acc       : 0.9746 ± 0.0000

=== Aggregated confusion statistics (summed over seeds) ===
Total test examples (summed across seeds): 24652
Correct (diagonal) count: 20939 (84.9383%)
Errors (off-diagonal) count: 3713 (15.0617%)
Traceback (most recent call last):
  File "C:\_ryanDev\ML_Projects\ML_Project_Github_Upload\class_weighted_classifier.py", line 489, in <module>
    main()
    ~~~~^^
  File "C:\_ryanDev\ML_Projects\ML_Project_Github_Upload\class_weighted_classifier.py", line 431, in main
    print(
    ~~~~~^
        f"\n=== Top-{topk} most commonly confused (True \u2192 Pred) across all seeds ===")
        ^^^^^^^^^^^^^^^^^^^^^^^^^^^^^^^^^^^^^^^^^^^^^^^^^^^^^^^^^^^^^^^^^^^^^^^^^^^^^^
  File "C:\Users\zhuha\AppData\Local\Programs\Python\Python313\Lib\encodings\cp1252.py", line 19, in encode
    return codecs.charmap_encode(input,self.errors,encoding_table)[0]
           ~~~~~~~~~~~~~~~~~~~~~^^^^^^^^^^^^^^^^^^^^^^^^^^^^^^^^^^
UnicodeEncodeError: 'charmap' codec can't encode character '\u2192' in position 41: character maps to <undefined>
