Device: cpu
Seeds: [1]
======================================================================
Input dim (raw): 377
Classes: 677
Random baseline acc: 0.1477%
======================================================================
[seed 1] Epoch 01/100 | Val Macro F1: 0.7754
[seed 1] Epoch 02/100 | Val Macro F1: 0.8243
[seed 1] Epoch 03/100 | Val Macro F1: 0.8394
[seed 1] Epoch 04/100 | Val Macro F1: 0.8448
[seed 1] Epoch 05/100 | Val Macro F1: 0.8509
[seed 1] Epoch 06/100 | Val Macro F1: 0.8513
[seed 1] Epoch 07/100 | Val Macro F1: 0.8537
[seed 1] Epoch 08/100 | Val Macro F1: 0.8560
[seed 1] Epoch 09/100 | Val Macro F1: 0.8579
[seed 1] Epoch 10/100 | Val Macro F1: 0.8547
[seed 1] Epoch 11/100 | Val Macro F1: 0.8553
[seed 1] Epoch 12/100 | Val Macro F1: 0.8547
[seed 1] Epoch 13/100 | Val Macro F1: 0.8540
[seed 1] Epoch 14/100 | Val Macro F1: 0.8530
[seed 1] Epoch 15/100 | Val Macro F1: 0.8532
[seed 1] Epoch 16/100 | Val Macro F1: 0.8533
[seed 1] Epoch 17/100 | Val Macro F1: 0.8540
[seed 1] Epoch 18/100 | Val Macro F1: 0.8538
[seed 1] Epoch 19/100 | Val Macro F1: 0.8563
[seed 1] Epoch 20/100 | Val Macro F1: 0.8544
[seed 1] Epoch 21/100 | Val Macro F1: 0.8550
[seed 1] Epoch 22/100 | Val Macro F1: 0.8550
[seed 1] Epoch 23/100 | Val Macro F1: 0.8542
[seed 1] Epoch 24/100 | Val Macro F1: 0.8555
[seed 1] Early stopping (no improvement for 15 epochs)
[seed 1] loss=0.3917 | acc=0.8662 | macroP/R/F1=0.8278/0.9126/0.8514 | top3=0.9613 | top5=0.9809 | best_val_f1=0.8579

=== TEST METRICS over seeds (mean +/- std) ===
Test Loss       : 0.3917 +/- 0.0000
Test Acc        : 0.8662 +/- 0.0000
Macro Precision : 0.8278 +/- 0.0000
Macro Recall    : 0.9126 +/- 0.0000
Macro F1        : 0.8514 +/- 0.0000
Top-3 Acc       : 0.9613 +/- 0.0000
Top-5 Acc       : 0.9809 +/- 0.0000

=== Aggregated confusion statistics (summed over seeds) ===
Total test examples (summed across seeds): 24652
Correct (diagonal) count: 21353 (86.6177%)
Errors (off-diagonal) count: 3299 (13.3823%)

=== Top-5 most commonly confused (True -> Pred) across all seeds ===
 1. noninfectious gastroenteritis  ->  infectious gastroenteritis   (count=55)
 2. cholecystitis  ->  gallstone   (count=27)
 3. schizophrenia  ->  psychotic disorder   (count=27)
 4. temporary or benign blood in urine  ->  bladder disorder   (count=21)
 5. skin polyp  ->  skin disorder   (count=20)

=== Representative per-class performance (aggregated over seeds) ===
Disease | Support | Accuracy | Precision | Recall | F1
pregnancy | 1 | 0.0000 | 0.0000 | 0.0000 | 0.0000
rhabdomyolysis | 1 | 0.0000 | 0.0000 | 0.0000 | 0.0000
open wound of the nose | 1 | 0.0000 | 0.0000 | 0.0000 | 0.0000
vitreous hemorrhage | 2 | 0.5000 | 0.1111 | 0.5000 | 0.1818
poisoning due to antimicrobial drugs | 9 | 1.0000 | 0.8182 | 1.0000 | 0.9000
dysthymic disorder | 50 | 0.9000 | 0.9000 | 0.9000 | 0.9000
dissociative disorder | 9 | 1.0000 | 0.8182 | 1.0000 | 0.9000
endometrial cancer | 9 | 1.0000 | 0.8182 | 1.0000 | 0.9000
adrenal adenoma | 3 | 1.0000 | 1.0000 | 1.0000 | 1.0000
alcoholic liver disease | 24 | 1.0000 | 1.0000 | 1.0000 | 1.0000
allergy to animals | 4 | 1.0000 | 1.0000 | 1.0000 | 1.0000
testicular disorder | 6 | 1.0000 | 1.0000 | 1.0000 | 1.0000
best_val_macro_f1_mean=0.857887
best_val_macro_f1_std=0.000000
test_macro_f1_mean=0.851406
test_macro_f1_std=0.000000

Done.
Saved heatmap: runs_lr_tuning\LR_lr0.001_bs32_wd1e-6_pat15.png and runs_lr_tuning\LR_lr0.001_bs32_wd1e-6_pat15.jpg
Total runtime: 2897.5s
