Device: cpu
Seeds: [1]
======================================================================
Input dim (raw): 377
Classes: 677
Random baseline acc: 0.1477%
======================================================================
[seed 1] Epoch 01/100 | Val Macro F1: 0.7278
[seed 1] Epoch 02/100 | Val Macro F1: 0.7684
[seed 1] Epoch 03/100 | Val Macro F1: 0.7873
[seed 1] Epoch 04/100 | Val Macro F1: 0.8014
[seed 1] Epoch 05/100 | Val Macro F1: 0.8110
[seed 1] Epoch 06/100 | Val Macro F1: 0.8164
[seed 1] Epoch 07/100 | Val Macro F1: 0.8206
[seed 1] Epoch 08/100 | Val Macro F1: 0.8246
[seed 1] Epoch 09/100 | Val Macro F1: 0.8254
[seed 1] Epoch 10/100 | Val Macro F1: 0.8252
[seed 1] Epoch 11/100 | Val Macro F1: 0.8270
[seed 1] Epoch 12/100 | Val Macro F1: 0.8301
[seed 1] Epoch 13/100 | Val Macro F1: 0.8362
[seed 1] Epoch 14/100 | Val Macro F1: 0.8405
[seed 1] Epoch 15/100 | Val Macro F1: 0.8423
[seed 1] Epoch 16/100 | Val Macro F1: 0.8448
[seed 1] Epoch 17/100 | Val Macro F1: 0.8462
[seed 1] Epoch 18/100 | Val Macro F1: 0.8465
[seed 1] Epoch 19/100 | Val Macro F1: 0.8474
[seed 1] Epoch 20/100 | Val Macro F1: 0.8480
[seed 1] Epoch 21/100 | Val Macro F1: 0.8480
[seed 1] Epoch 22/100 | Val Macro F1: 0.8480
[seed 1] Epoch 23/100 | Val Macro F1: 0.8500
[seed 1] Epoch 24/100 | Val Macro F1: 0.8505
[seed 1] Epoch 25/100 | Val Macro F1: 0.8513
[seed 1] Epoch 26/100 | Val Macro F1: 0.8528
[seed 1] Epoch 27/100 | Val Macro F1: 0.8527
[seed 1] Epoch 28/100 | Val Macro F1: 0.8526
[seed 1] Epoch 29/100 | Val Macro F1: 0.8514
[seed 1] Epoch 30/100 | Val Macro F1: 0.8509
[seed 1] Epoch 31/100 | Val Macro F1: 0.8500
[seed 1] Epoch 32/100 | Val Macro F1: 0.8500
[seed 1] Epoch 33/100 | Val Macro F1: 0.8488
[seed 1] Epoch 34/100 | Val Macro F1: 0.8498
[seed 1] Epoch 35/100 | Val Macro F1: 0.8485
[seed 1] Epoch 36/100 | Val Macro F1: 0.8484
[seed 1] Epoch 37/100 | Val Macro F1: 0.8485
[seed 1] Epoch 38/100 | Val Macro F1: 0.8472
[seed 1] Epoch 39/100 | Val Macro F1: 0.8492
[seed 1] Epoch 40/100 | Val Macro F1: 0.8485
[seed 1] Epoch 41/100 | Val Macro F1: 0.8474
[seed 1] Early stopping (no improvement for 15 epochs)
[seed 1] loss=0.5009 | acc=0.8650 | macroP/R/F1=0.8310/0.9127/0.8541 | top3=0.9602 | top5=0.9791 | best_val_f1=0.8528

=== TEST METRICS over seeds (mean +/- std) ===
Test Loss       : 0.5009 +/- 0.0000
Test Acc        : 0.8650 +/- 0.0000
Macro Precision : 0.8310 +/- 0.0000
Macro Recall    : 0.9127 +/- 0.0000
Macro F1        : 0.8541 +/- 0.0000
Top-3 Acc       : 0.9602 +/- 0.0000
Top-5 Acc       : 0.9791 +/- 0.0000

=== Aggregated confusion statistics (summed over seeds) ===
Total test examples (summed across seeds): 24652
Correct (diagonal) count: 21325 (86.5041%)
Errors (off-diagonal) count: 3327 (13.4959%)

=== Top-5 most commonly confused (True -> Pred) across all seeds ===
 1. infectious gastroenteritis  ->  noninfectious gastroenteritis   (count=37)
 2. cholecystitis  ->  gallstone   (count=30)
 3. schizophrenia  ->  psychotic disorder   (count=21)
 4. acute bronchitis  ->  chronic obstructive pulmonary disease (copd)   (count=21)
 5. temporary or benign blood in urine  ->  bladder disorder   (count=20)

=== Representative per-class performance (aggregated over seeds) ===
Disease | Support | Accuracy | Precision | Recall | F1
pregnancy | 1 | 0.0000 | 0.0000 | 0.0000 | 0.0000
open wound of the nose | 1 | 0.0000 | 0.0000 | 0.0000 | 0.0000
diabetes insipidus | 1 | 0.0000 | 0.0000 | 0.0000 | 0.0000
vitreous hemorrhage | 2 | 0.5000 | 0.1000 | 0.5000 | 0.1667
hypovolemia | 43 | 0.9535 | 0.8542 | 0.9535 | 0.9011
atrophic vaginitis | 33 | 0.9697 | 0.8421 | 0.9697 | 0.9014
aphthous ulcer | 24 | 0.9583 | 0.8519 | 0.9583 | 0.9020
hyponatremia | 50 | 0.9200 | 0.8846 | 0.9200 | 0.9020
alcoholic liver disease | 24 | 1.0000 | 1.0000 | 1.0000 | 1.0000
allergy to animals | 4 | 1.0000 | 1.0000 | 1.0000 | 1.0000
amblyopia | 4 | 1.0000 | 1.0000 | 1.0000 | 1.0000
urethral valves | 3 | 1.0000 | 1.0000 | 1.0000 | 1.0000
best_val_macro_f1_mean=0.852774
best_val_macro_f1_std=0.000000
test_macro_f1_mean=0.854080
test_macro_f1_std=0.000000

Done.
Saved heatmap: runs_lr_tuning\LR_lr0.0005_bs32_wd1e-5_pat15.png and runs_lr_tuning\LR_lr0.0005_bs32_wd1e-5_pat15.jpg
Total runtime: 5223.9s
