Device: cpu
Seeds: [1]
======================================================================
Input dim (raw): 377
Classes: 677
Random baseline acc: 0.1477%
======================================================================
[seed 1] Epoch 01/100 | Val Macro F1: 0.8327
[seed 1] Epoch 02/100 | Val Macro F1: 0.8469
[seed 1] Epoch 03/100 | Val Macro F1: 0.8554
[seed 1] Epoch 04/100 | Val Macro F1: 0.8523
[seed 1] Epoch 05/100 | Val Macro F1: 0.8543
[seed 1] Epoch 06/100 | Val Macro F1: 0.8522
[seed 1] Epoch 07/100 | Val Macro F1: 0.8533
[seed 1] Epoch 08/100 | Val Macro F1: 0.8536
[seed 1] Epoch 09/100 | Val Macro F1: 0.8534
[seed 1] Epoch 10/100 | Val Macro F1: 0.8572
[seed 1] Epoch 11/100 | Val Macro F1: 0.8541
[seed 1] Epoch 12/100 | Val Macro F1: 0.8536
[seed 1] Epoch 13/100 | Val Macro F1: 0.8554
[seed 1] Epoch 14/100 | Val Macro F1: 0.8548
[seed 1] Epoch 15/100 | Val Macro F1: 0.8535
[seed 1] Epoch 16/100 | Val Macro F1: 0.8546
[seed 1] Epoch 17/100 | Val Macro F1: 0.8570
[seed 1] Epoch 18/100 | Val Macro F1: 0.8547
[seed 1] Epoch 19/100 | Val Macro F1: 0.8583
[seed 1] Epoch 20/100 | Val Macro F1: 0.8550
[seed 1] Epoch 21/100 | Val Macro F1: 0.8562
[seed 1] Epoch 22/100 | Val Macro F1: 0.8558
[seed 1] Epoch 23/100 | Val Macro F1: 0.8555
[seed 1] Epoch 24/100 | Val Macro F1: 0.8554
[seed 1] Epoch 25/100 | Val Macro F1: 0.8574
[seed 1] Epoch 26/100 | Val Macro F1: 0.8535
[seed 1] Epoch 27/100 | Val Macro F1: 0.8574
[seed 1] Epoch 28/100 | Val Macro F1: 0.8559
[seed 1] Epoch 29/100 | Val Macro F1: 0.8565
[seed 1] Epoch 30/100 | Val Macro F1: 0.8568
[seed 1] Epoch 31/100 | Val Macro F1: 0.8556
[seed 1] Epoch 32/100 | Val Macro F1: 0.8577
[seed 1] Epoch 33/100 | Val Macro F1: 0.8578
[seed 1] Epoch 34/100 | Val Macro F1: 0.8551
[seed 1] Early stopping (no improvement for 15 epochs)
[seed 1] loss=0.3105 | acc=0.8642 | macroP/R/F1=0.8332/0.9066/0.8537 | top3=0.9617 | top5=0.9809 | best_val_f1=0.8583

=== TEST METRICS over seeds (mean +/- std) ===
Test Loss       : 0.3105 +/- 0.0000
Test Acc        : 0.8642 +/- 0.0000
Macro Precision : 0.8332 +/- 0.0000
Macro Recall    : 0.9066 +/- 0.0000
Macro F1        : 0.8537 +/- 0.0000
Top-3 Acc       : 0.9617 +/- 0.0000
Top-5 Acc       : 0.9809 +/- 0.0000

=== Aggregated confusion statistics (summed over seeds) ===
Total test examples (summed across seeds): 24652
Correct (diagonal) count: 21305 (86.4230%)
Errors (off-diagonal) count: 3347 (13.5770%)

=== Top-5 most commonly confused (True -> Pred) across all seeds ===
 1. schizophrenia  ->  psychotic disorder   (count=30)
 2. infectious gastroenteritis  ->  noninfectious gastroenteritis   (count=30)
 3. cholecystitis  ->  gallstone   (count=28)
 4. noninfectious gastroenteritis  ->  infectious gastroenteritis   (count=26)
 5. depression  ->  post-traumatic stress disorder (ptsd)   (count=21)

=== Representative per-class performance (aggregated over seeds) ===
Disease | Support | Accuracy | Precision | Recall | F1
pregnancy | 1 | 0.0000 | 0.0000 | 0.0000 | 0.0000
open wound of the nose | 1 | 0.0000 | 0.0000 | 0.0000 | 0.0000
rhabdomyolysis | 1 | 0.0000 | 0.0000 | 0.0000 | 0.0000
floaters | 2 | 0.5000 | 0.0769 | 0.5000 | 0.1333
autism | 45 | 0.9111 | 0.8913 | 0.9111 | 0.9011
ankylosing spondylitis | 61 | 0.9016 | 0.9016 | 0.9016 | 0.9016
pericarditis | 14 | 1.0000 | 0.8235 | 1.0000 | 0.9032
rectal disorder | 90 | 0.9333 | 0.8750 | 0.9333 | 0.9032
alcoholic liver disease | 24 | 1.0000 | 1.0000 | 1.0000 | 1.0000
allergy to animals | 4 | 1.0000 | 1.0000 | 1.0000 | 1.0000
amblyopia | 4 | 1.0000 | 1.0000 | 1.0000 | 1.0000
uveitis | 2 | 1.0000 | 1.0000 | 1.0000 | 1.0000
best_val_macro_f1_mean=0.858295
best_val_macro_f1_std=0.000000
test_macro_f1_mean=0.853678
test_macro_f1_std=0.000000

Done.
Saved heatmap: runs_lr_tuning\LR_lr0.005_bs32_wd1e-6_pat15.png and runs_lr_tuning\LR_lr0.005_bs32_wd1e-6_pat15.jpg
Total runtime: 1256.3s
