Classes: 773 | Train/Val/Test: 197209/24651/24652
Seeds: [1]
======================================================================
Traceback (most recent call last):
  File "C:\_ryanDev\ML_Projects\ML_Project_Github_Upload\xgboost_weighted.py", line 427, in <module>
    main()
    ~~~~^^
  File "C:\_ryanDev\ML_Projects\ML_Project_Github_Upload\xgboost_weighted.py", line 293, in main
    val_m, test_m = train_one_seed(
                    ~~~~~~~~~~~~~~^
        seed=s,
        ^^^^^^^
    ...<5 lines>...
        early_stopping_rounds=args.early_stopping_rounds
        ^^^^^^^^^^^^^^^^^^^^^^^^^^^^^^^^^^^^^^^^^^^^^^^^
    )
    ^
  File "C:\_ryanDev\ML_Projects\ML_Project_Github_Upload\xgboost_weighted.py", line 180, in train_one_seed
    model.fit(
    ~~~~~~~~~^
        X_train, y_train,
        ^^^^^^^^^^^^^^^^^
    ...<5 lines>...
        early_stopping_rounds=early_stopping_rounds
        ^^^^^^^^^^^^^^^^^^^^^^^^^^^^^^^^^^^^^^^^^^^
    )
    ^
  File "C:\Users\zhuha\AppData\Local\Programs\Python\Python313\Lib\site-packages\xgboost\core.py", line 774, in inner_f
    return func(**kwargs)
TypeError: XGBClassifier.fit() got an unexpected keyword argument 'eval_metric'
