Traceback (most recent call last):
  File "C:\_ryanDev\ML_Projects\ML_Project_Github_Upload\xgboost_weighted.py", line 7, in <module>
    from sklearn.metrics import (
    ...<2 lines>...
    )
  File "C:\Users\zhuha\AppData\Local\Programs\Python\Python313\Lib\site-packages\sklearn\__init__.py", line 73, in <module>
    from .base import clone  # noqa: E402
    ^^^^^^^^^^^^^^^^^^^^^^^
  File "C:\Users\zhuha\AppData\Local\Programs\Python\Python313\Lib\site-packages\sklearn\base.py", line 19, in <module>
    from .utils._metadata_requests import _MetadataRequester, _routing_enabled
  File "C:\Users\zhuha\AppData\Local\Programs\Python\Python313\Lib\site-packages\sklearn\utils\__init__.py", line 9, in <module>
    from ._chunking import gen_batches, gen_even_slices
  File "C:\Users\zhuha\AppData\Local\Programs\Python\Python313\Lib\site-packages\sklearn\utils\_chunking.py", line 11, in <module>
    from ._param_validation import Interval, validate_params
  File "C:\Users\zhuha\AppData\Local\Programs\Python\Python313\Lib\site-packages\sklearn\utils\_param_validation.py", line 17, in <module>
    from .validation import _is_arraylike_not_scalar
  File "C:\Users\zhuha\AppData\Local\Programs\Python\Python313\Lib\site-packages\sklearn\utils\validation.py", line 21, in <module>
    from ..utils._array_api import _asarray_with_order, _is_numpy_namespace, get_namespace
  File "C:\Users\zhuha\AppData\Local\Programs\Python\Python313\Lib\site-packages\sklearn\utils\_array_api.py", line 20, in <module>
    from .fixes import parse_version
  File "C:\Users\zhuha\AppData\Local\Programs\Python\Python313\Lib\site-packages\sklearn\utils\fixes.py", line 16, in <module>
    import scipy.stats
  File "C:\Users\zhuha\AppData\Local\Programs\Python\Python313\Lib\site-packages\scipy\stats\__init__.py", line 626, in <module>
    from ._stats_py import *
  File "C:\Users\zhuha\AppData\Local\Programs\Python\Python313\Lib\site-packages\scipy\stats\_stats_py.py", line 40, in <module>
    from scipy.spatial import distance_matrix
  File "C:\Users\zhuha\AppData\Local\Programs\Python\Python313\Lib\site-packages\scipy\spatial\__init__.py", line 123, in <module>
    from . import distance, transform
  File "C:\Users\zhuha\AppData\Local\Programs\Python\Python313\Lib\site-packages\scipy\spatial\transform\__init__.py", line 20, in <module>
    from ._rigid_transform import RigidTransform
  File "scipy/spatial/transform/_rigid_transform.pyx", line 4, in init scipy.spatial.transform._rigid_transform
  File "scipy/spatial/transform/_rotation.pyx", line 7, in init scipy.spatial.transform._rotation
  File "C:\Users\zhuha\AppData\Local\Programs\Python\Python313\Lib\site-packages\scipy\spatial\transform\_rotation_groups.py", line 2, in <module>
    from scipy.constants import golden as phi
  File "C:\Users\zhuha\AppData\Local\Programs\Python\Python313\Lib\site-packages\scipy\constants\__init__.py", line 345, in <module>
    _constant_names = "\n".join(["``{}``{}  {} {}".format(_x[1], " "*(66-len(_x[1])),
                                 ~~~~~~~~~~~~~~~~~~~~~~~~^^^^^^^^^^^^^^^^^^^^^^^^^^^^
                                                      _x[2][0], _x[2][1])
                                                      ^^^^^^^^^^^^^^^^^^^
KeyboardInterrupt
^C