Device: cpu
Seeds: [1]
======================================================================
Input dim (raw): 377
Classes: 677
Random baseline acc: 0.1477%
======================================================================
Loading pretrained autoencoder for end-to-end fine-tuning...
Autoencoder checkpoint: runs_autoencoder/autoencoder_seed0_lr0.0001_bs64_z128_bestVAL0.000248_test0.000235.pth
Autoencoder loaded (latent_dim=128)
Encoder LR: 1e-05  |  Classifier head LR: 0.001
[seed 1] Early stopping (no improvement for 10 epochs)
[seed 1] VAL macroF1=0.8064 | TEST acc=0.8239 | macroP/R/F1=0.7799/0.8503/0.7936 | top3=0.9386 | top5=0.9656

GRID_METRIC val_macro_f1 0.806427
GRID_METRIC val_macro_f1_std 0.000000
GRID_METRIC val_acc 0.826985
GRID_METRIC val_top3 0.939272
GRID_METRIC val_top5 0.966573

=== TEST METRICS over seeds (mean ± std) ===
Test Loss       : 0.6401 ± 0.0000
Test Acc        : 0.8239 ± 0.0000
Macro Precision : 0.7799 ± 0.0000
Macro Recall    : 0.8503 ± 0.0000
Macro F1        : 0.7936 ± 0.0000
Top-3 Acc       : 0.9386 ± 0.0000
Top-5 Acc       : 0.9656 ± 0.0000

=== Aggregated confusion statistics (summed over seeds) ===
Total test examples (summed across seeds): 24652
Correct (diagonal) count: 20310 (82.3868%)
Errors (off-diagonal) count: 4342 (17.6132%)

=== Top-5 most commonly confused (True → Pred) across all seeds ===
 1. noninfectious gastroenteritis  →  infectious gastroenteritis   (count=44)
 2. kidney stone  →  pyelonephritis   (count=38)
 3. tooth disorder  →  gum disease   (count=29)
 4. cholecystitis  →  gallstone   (count=27)
 5. depression  →  post-traumatic stress disorder (ptsd)   (count=24)

=== Representative per-class performance (aggregated over seeds) ===
Disease | Support | Accuracy | Precision | Recall | F1
vitreous hemorrhage | 2 | 0.0000 | 0.0000 | 0.0000 | 0.0000
pseudohypoparathyroidism | 1 | 0.0000 | 0.0000 | 0.0000 | 0.0000
poisoning due to antipsychotics | 1 | 0.0000 | 0.0000 | 0.0000 | 0.0000
birth trauma | 1 | 0.0000 | 0.0000 | 0.0000 | 0.0000
prostatitis | 68 | 0.8824 | 0.8108 | 0.8824 | 0.8451
hypovolemia | 43 | 0.8372 | 0.8571 | 0.8372 | 0.8471
urethral stricture | 28 | 0.8929 | 0.8065 | 0.8929 | 0.8475
common cold | 91 | 0.8571 | 0.8387 | 0.8571 | 0.8478
abdominal aortic aneurysm | 14 | 1.0000 | 1.0000 | 1.0000 | 1.0000
volvulus | 1 | 1.0000 | 1.0000 | 1.0000 | 1.0000
vitamin b12 deficiency | 8 | 1.0000 | 1.0000 | 1.0000 | 1.0000
anemia due to malignancy | 1 | 1.0000 | 1.0000 | 1.0000 | 1.0000

Done.
Saved heatmap: runs_ae_clf_tuning\AEclf_lr0p001_elr1em5_bs64_h512_256_128_64.png and runs_ae_clf_tuning\AEclf_lr0p001_elr1em5_bs64_h512_256_128_64.jpg
Total runtime: 1626.9s
