Device: cpu
Seeds: [1]
======================================================================
Input dim (raw): 377
Classes: 677
Random baseline acc: 0.1477%
======================================================================
Loading pretrained autoencoder for end-to-end fine-tuning...
Autoencoder checkpoint: runs_autoencoder/autoencoder_seed0_lr0.0001_bs64_z128_bestVAL0.000248_test0.000235.pth
Autoencoder loaded (latent_dim=128)
Encoder LR: 0.0001  |  Classifier head LR: 0.001
[seed 1] Early stopping (no improvement for 10 epochs)
[seed 1] VAL macroF1=0.7971 | TEST acc=0.8164 | macroP/R/F1=0.7818/0.8391/0.7897 | top3=0.9339 | top5=0.9617

GRID_METRIC val_macro_f1 0.797101
GRID_METRIC val_macro_f1_std 0.000000
GRID_METRIC val_acc 0.816924
GRID_METRIC val_top3 0.932092
GRID_METRIC val_top5 0.960691

=== TEST METRICS over seeds (mean ± std) ===
Test Loss       : 0.6187 ± 0.0000
Test Acc        : 0.8164 ± 0.0000
Macro Precision : 0.7818 ± 0.0000
Macro Recall    : 0.8391 ± 0.0000
Macro F1        : 0.7897 ± 0.0000
Top-3 Acc       : 0.9339 ± 0.0000
Top-5 Acc       : 0.9617 ± 0.0000

=== Aggregated confusion statistics (summed over seeds) ===
Total test examples (summed across seeds): 24652
Correct (diagonal) count: 20125 (81.6364%)
Errors (off-diagonal) count: 4527 (18.3636%)

=== Top-5 most commonly confused (True → Pred) across all seeds ===
 1. noninfectious gastroenteritis  →  infectious gastroenteritis   (count=44)
 2. schizophrenia  →  psychotic disorder   (count=31)
 3. gallstone  →  cholecystitis   (count=29)
 4. insect bite  →  food allergy   (count=26)
 5. pneumonia  →  acute bronchospasm   (count=23)

=== Representative per-class performance (aggregated over seeds) ===
Disease | Support | Accuracy | Precision | Recall | F1
ovarian cancer | 2 | 0.0000 | 0.0000 | 0.0000 | 0.0000
pseudohypoparathyroidism | 1 | 0.0000 | 0.0000 | 0.0000 | 0.0000
raynaud disease | 1 | 0.0000 | 0.0000 | 0.0000 | 0.0000
open wound of the nose | 1 | 0.0000 | 0.0000 | 0.0000 | 0.0000
chronic otitis media | 67 | 0.8657 | 0.8406 | 0.8657 | 0.8529
transient ischemic attack | 66 | 0.8485 | 0.8615 | 0.8485 | 0.8550
vaginismus | 7 | 0.8571 | 0.8571 | 0.8571 | 0.8571
trichomonas infection | 34 | 0.8824 | 0.8333 | 0.8824 | 0.8571
abdominal aortic aneurysm | 14 | 1.0000 | 1.0000 | 1.0000 | 1.0000
trichinosis | 1 | 1.0000 | 1.0000 | 1.0000 | 1.0000
toxoplasmosis | 1 | 1.0000 | 1.0000 | 1.0000 | 1.0000
tourette syndrome | 3 | 1.0000 | 1.0000 | 1.0000 | 1.0000

Done.
Saved heatmap: runs_ae_clf_tuning\AEclf_lr0p001_elr1em4_bs32_h512_256_128_64.png and runs_ae_clf_tuning\AEclf_lr0p001_elr1em4_bs32_h512_256_128_64.jpg
Total runtime: 1604.8s
