Device: cpu
Seeds: [1]
======================================================================
Input dim (raw): 377
Classes: 677
Random baseline acc: 0.1477%
======================================================================
Loading pretrained autoencoder for end-to-end fine-tuning...
Autoencoder checkpoint: runs_autoencoder/autoencoder_seed0_lr0.0001_bs64_z128_bestVAL0.000248_test0.000235.pth
Autoencoder loaded (latent_dim=128)
Encoder LR: 0.0001  |  Classifier head LR: 0.0003
[seed 1] Early stopping (no improvement for 10 epochs)
[seed 1] VAL macroF1=0.8421 | TEST acc=0.8467 | macroP/R/F1=0.8246/0.8728/0.8337 | top3=0.9527 | top5=0.9770

GRID_METRIC val_macro_f1 0.842059
GRID_METRIC val_macro_f1_std 0.000000
GRID_METRIC val_acc 0.851324
GRID_METRIC val_top3 0.954038
GRID_METRIC val_top5 0.975863

=== TEST METRICS over seeds (mean ± std) ===
Test Loss       : 0.4143 ± 0.0000
Test Acc        : 0.8467 ± 0.0000
Macro Precision : 0.8246 ± 0.0000
Macro Recall    : 0.8728 ± 0.0000
Macro F1        : 0.8337 ± 0.0000
Top-3 Acc       : 0.9527 ± 0.0000
Top-5 Acc       : 0.9770 ± 0.0000

=== Aggregated confusion statistics (summed over seeds) ===
Total test examples (summed across seeds): 24652
Correct (diagonal) count: 20873 (84.6706%)
Errors (off-diagonal) count: 3779 (15.3294%)

=== Top-5 most commonly confused (True → Pred) across all seeds ===
 1. noninfectious gastroenteritis  →  infectious gastroenteritis   (count=53)
 2. kidney stone  →  pyelonephritis   (count=38)
 3. tooth disorder  →  gum disease   (count=32)
 4. cholecystitis  →  gallstone   (count=31)
 5. skin polyp  →  seborrheic keratosis   (count=25)

=== Representative per-class performance (aggregated over seeds) ===
Disease | Support | Accuracy | Precision | Recall | F1
vitreous hemorrhage | 2 | 0.0000 | 0.0000 | 0.0000 | 0.0000
birth trauma | 1 | 0.0000 | 0.0000 | 0.0000 | 0.0000
pregnancy | 1 | 0.0000 | 0.0000 | 0.0000 | 0.0000
pseudohypoparathyroidism | 1 | 0.0000 | 0.0000 | 0.0000 | 0.0000
vulvar disorder | 16 | 1.0000 | 0.8000 | 1.0000 | 0.8889
testicular torsion | 9 | 0.8889 | 0.8889 | 0.8889 | 0.8889
erythema multiforme | 4 | 1.0000 | 0.8000 | 1.0000 | 0.8889
folate deficiency | 4 | 1.0000 | 0.8000 | 1.0000 | 0.8889
adrenal adenoma | 3 | 1.0000 | 1.0000 | 1.0000 | 1.0000
alcoholic liver disease | 24 | 1.0000 | 1.0000 | 1.0000 | 1.0000
uveitis | 2 | 1.0000 | 1.0000 | 1.0000 | 1.0000
amyotrophic lateral sclerosis (als) | 6 | 1.0000 | 1.0000 | 1.0000 | 1.0000

Done.
Saved heatmap: runs_ae_clf_tuning\AEclf_lr0p0003_elr1em4_bs64_h256_128_64.png and runs_ae_clf_tuning\AEclf_lr0p0003_elr1em4_bs64_h256_128_64.jpg
Total runtime: 1128.3s
