Device: cpu
Seeds: [1]
======================================================================
Input dim (raw): 377
Classes: 677
Random baseline acc: 0.1477%
======================================================================
Loading pretrained autoencoder for end-to-end fine-tuning...
Autoencoder checkpoint: runs_autoencoder/autoencoder_seed0_lr0.0001_bs64_z128_bestVAL0.000248_test0.000235.pth
Autoencoder loaded (latent_dim=128)
Encoder LR: 1e-05  |  Classifier head LR: 0.0003
[seed 1] VAL macroF1=0.8423 | TEST acc=0.8476 | macroP/R/F1=0.8187/0.8707/0.8300 | top3=0.9510 | top5=0.9752

GRID_METRIC val_macro_f1 0.842281
GRID_METRIC val_macro_f1_std 0.000000
GRID_METRIC val_acc 0.848282
GRID_METRIC val_top3 0.952781
GRID_METRIC val_top5 0.975457

=== TEST METRICS over seeds (mean ± std) ===
Test Loss       : 0.4498 ± 0.0000
Test Acc        : 0.8476 ± 0.0000
Macro Precision : 0.8187 ± 0.0000
Macro Recall    : 0.8707 ± 0.0000
Macro F1        : 0.8300 ± 0.0000
Top-3 Acc       : 0.9510 ± 0.0000
Top-5 Acc       : 0.9752 ± 0.0000

=== Aggregated confusion statistics (summed over seeds) ===
Total test examples (summed across seeds): 24652
Correct (diagonal) count: 20896 (84.7639%)
Errors (off-diagonal) count: 3756 (15.2361%)

=== Top-5 most commonly confused (True → Pred) across all seeds ===
 1. infectious gastroenteritis  →  noninfectious gastroenteritis   (count=36)
 2. cholecystitis  →  gallstone   (count=30)
 3. noninfectious gastroenteritis  →  infectious gastroenteritis   (count=26)
 4. depression  →  post-traumatic stress disorder (ptsd)   (count=26)
 5. skin polyp  →  skin disorder   (count=22)

=== Representative per-class performance (aggregated over seeds) ===
Disease | Support | Accuracy | Precision | Recall | F1
birth trauma | 1 | 0.0000 | 0.0000 | 0.0000 | 0.0000
cystic fibrosis | 1 | 0.0000 | 0.0000 | 0.0000 | 0.0000
raynaud disease | 1 | 0.0000 | 0.0000 | 0.0000 | 0.0000
thyroid disease | 1 | 0.0000 | 0.0000 | 0.0000 | 0.0000
problem during pregnancy | 92 | 0.7935 | 1.0000 | 0.7935 | 0.8848
ear drum damage | 91 | 0.8462 | 0.9277 | 0.8462 | 0.8851
multiple sclerosis | 91 | 0.8901 | 0.8804 | 0.8901 | 0.8852
urethral disorder | 32 | 0.8438 | 0.9310 | 0.8438 | 0.8852
abdominal aortic aneurysm | 14 | 1.0000 | 1.0000 | 1.0000 | 1.0000
volvulus | 1 | 1.0000 | 1.0000 | 1.0000 | 1.0000
vitamin d deficiency | 1 | 1.0000 | 1.0000 | 1.0000 | 1.0000
vitamin b12 deficiency | 8 | 1.0000 | 1.0000 | 1.0000 | 1.0000

Done.
Saved heatmap: runs_ae_clf_tuning\AEclf_lr0p0003_elr1em5_bs32_h256_128_64.png and runs_ae_clf_tuning\AEclf_lr0p0003_elr1em5_bs32_h256_128_64.jpg
Total runtime: 2370.8s
