Device: cpu
Seeds: [1]
======================================================================
Input dim (raw): 377
Classes: 677
Random baseline acc: 0.1477%
======================================================================
Loading pretrained autoencoder for end-to-end fine-tuning...
Autoencoder checkpoint: runs_autoencoder/autoencoder_seed0_lr0.0001_bs64_z128_bestVAL0.000248_test0.000235.pth
Autoencoder loaded (latent_dim=128)
Encoder LR: 1e-05  |  Classifier head LR: 0.0001
[seed 1] VAL macroF1=0.8449 | TEST acc=0.8512 | macroP/R/F1=0.8307/0.8767/0.8397 | top3=0.9562 | top5=0.9770

GRID_METRIC val_macro_f1 0.844910
GRID_METRIC val_macro_f1_std 0.000000
GRID_METRIC val_acc 0.855016
GRID_METRIC val_top3 0.953754
GRID_METRIC val_top5 0.976390

=== TEST METRICS over seeds (mean ± std) ===
Test Loss       : 0.4006 ± 0.0000
Test Acc        : 0.8512 ± 0.0000
Macro Precision : 0.8307 ± 0.0000
Macro Recall    : 0.8767 ± 0.0000
Macro F1        : 0.8397 ± 0.0000
Top-3 Acc       : 0.9562 ± 0.0000
Top-5 Acc       : 0.9770 ± 0.0000

=== Aggregated confusion statistics (summed over seeds) ===
Total test examples (summed across seeds): 24652
Correct (diagonal) count: 20983 (85.1168%)
Errors (off-diagonal) count: 3669 (14.8832%)

=== Top-5 most commonly confused (True → Pred) across all seeds ===
 1. noninfectious gastroenteritis  →  infectious gastroenteritis   (count=52)
 2. cholecystitis  →  gallstone   (count=34)
 3. skin polyp  →  skin disorder   (count=32)
 4. schizophrenia  →  personality disorder   (count=24)
 5. depression  →  post-traumatic stress disorder (ptsd)   (count=21)

=== Representative per-class performance (aggregated over seeds) ===
Disease | Support | Accuracy | Precision | Recall | F1
rhabdomyolysis | 1 | 0.0000 | 0.0000 | 0.0000 | 0.0000
birth trauma | 1 | 0.0000 | 0.0000 | 0.0000 | 0.0000
pregnancy | 1 | 0.0000 | 0.0000 | 0.0000 | 0.0000
thyroid disease | 1 | 0.0000 | 0.0000 | 0.0000 | 0.0000
polycythemia vera | 5 | 0.8000 | 1.0000 | 0.8000 | 0.8889
toxic multinodular goiter | 8 | 1.0000 | 0.8000 | 1.0000 | 0.8889
conductive hearing loss | 60 | 0.8833 | 0.8983 | 0.8833 | 0.8908
intracranial hemorrhage | 32 | 0.9062 | 0.8788 | 0.9062 | 0.8923
abdominal aortic aneurysm | 14 | 1.0000 | 1.0000 | 1.0000 | 1.0000
adrenal adenoma | 3 | 1.0000 | 1.0000 | 1.0000 | 1.0000
amyotrophic lateral sclerosis (als) | 6 | 1.0000 | 1.0000 | 1.0000 | 1.0000
alcoholic liver disease | 24 | 1.0000 | 1.0000 | 1.0000 | 1.0000

Done.
Saved heatmap: runs_ae_clf_tuning\AEclf_lr0p0001_elr1em5_bs32_h512_256_128_64.png and runs_ae_clf_tuning\AEclf_lr0p0001_elr1em5_bs32_h512_256_128_64.jpg
Total runtime: 2864.5s
