Device: cpu
Seeds: [1]
======================================================================
Input dim (raw): 377
Classes: 677
Random baseline acc: 0.1477%
======================================================================
Loading trained autoencoder...
Autoencoder checkpoint: runs_autoencoder/autoencoder_seed0_lr0.0001_bs64_z128_bestVAL0.000248_test0.000235.pth
Autoencoder loaded (latent_dim=128)
[seed 1] Early stopping (no improvement for 10 epochs)
[seed 1] VAL macroF1=0.8348 | TEST acc=0.8409 | macroP/R/F1=0.8159/0.8670/0.8264 | top3=0.9512 | top5=0.9741

GRID_METRIC val_macro_f1 0.834754
GRID_METRIC val_macro_f1_std 0.000000
GRID_METRIC val_acc 0.844712
GRID_METRIC val_top3 0.952943
GRID_METRIC val_top5 0.975295

=== TEST METRICS over seeds (mean ± std) ===
Test Loss       : 0.4704 ± 0.0000
Test Acc        : 0.8409 ± 0.0000
Macro Precision : 0.8159 ± 0.0000
Macro Recall    : 0.8670 ± 0.0000
Macro F1        : 0.8264 ± 0.0000
Top-3 Acc       : 0.9512 ± 0.0000
Top-5 Acc       : 0.9741 ± 0.0000

=== Aggregated confusion statistics (summed over seeds) ===
Total test examples (summed across seeds): 24652
Correct (diagonal) count: 20729 (84.0865%)
Errors (off-diagonal) count: 3923 (15.9135%)

=== Top-5 most commonly confused (True → Pred) across all seeds ===
 1. noninfectious gastroenteritis  →  infectious gastroenteritis   (count=51)
 2. kidney stone  →  pyelonephritis   (count=29)
 3. cholecystitis  →  gallstone   (count=28)
 4. schizophrenia  →  psychotic disorder   (count=28)
 5. depression  →  post-traumatic stress disorder (ptsd)   (count=23)

=== Representative per-class performance (aggregated over seeds) ===
Disease | Support | Accuracy | Precision | Recall | F1
pseudohypoparathyroidism | 1 | 0.0000 | 0.0000 | 0.0000 | 0.0000
thyroid disease | 1 | 0.0000 | 0.0000 | 0.0000 | 0.0000
central atherosclerosis | 2 | 0.0000 | 0.0000 | 0.0000 | 0.0000
birth trauma | 1 | 0.0000 | 0.0000 | 0.0000 | 0.0000
hyperemesis gravidarum | 91 | 0.8571 | 0.9176 | 0.8571 | 0.8864
urge incontinence | 50 | 0.8600 | 0.9149 | 0.8600 | 0.8866
tendinitis | 68 | 0.8088 | 0.9821 | 0.8088 | 0.8871
gastroduodenal ulcer | 69 | 0.8551 | 0.9219 | 0.8551 | 0.8872
abdominal aortic aneurysm | 14 | 1.0000 | 1.0000 | 1.0000 | 1.0000
adrenal adenoma | 3 | 1.0000 | 1.0000 | 1.0000 | 1.0000
alcoholic liver disease | 24 | 1.0000 | 1.0000 | 1.0000 | 1.0000
allergy to animals | 4 | 1.0000 | 1.0000 | 1.0000 | 1.0000

Done.
Saved heatmap: runs_ae_clf_tuning\AEclf_lr0p0003_bs32_h512_256_128_64.png and runs_ae_clf_tuning\AEclf_lr0p0003_bs32_h512_256_128_64.jpg
Total runtime: 1483.4s
