Device: cpu
Seeds: [1]
======================================================================
Input dim (raw): 377
Classes: 677
Random baseline acc: 0.1477%
======================================================================
Loading pretrained autoencoder for end-to-end fine-tuning...
Autoencoder checkpoint: runs_autoencoder/autoencoder_seed0_lr0.0001_bs64_z128_bestVAL0.000248_test0.000235.pth
Autoencoder loaded (latent_dim=128)
Encoder LR: 1e-05  |  Classifier head LR: 0.0001
[seed 1] VAL macroF1=0.8404 | TEST acc=0.8505 | macroP/R/F1=0.8283/0.8872/0.8420 | top3=0.9538 | top5=0.9766

GRID_METRIC val_macro_f1 0.840396
GRID_METRIC val_macro_f1_std 0.000000
GRID_METRIC val_acc 0.852136
GRID_METRIC val_top3 0.954647
GRID_METRIC val_top5 0.976796

=== TEST METRICS over seeds (mean ± std) ===
Test Loss       : 0.3938 ± 0.0000
Test Acc        : 0.8505 ± 0.0000
Macro Precision : 0.8283 ± 0.0000
Macro Recall    : 0.8872 ± 0.0000
Macro F1        : 0.8420 ± 0.0000
Top-3 Acc       : 0.9538 ± 0.0000
Top-5 Acc       : 0.9766 ± 0.0000

=== Aggregated confusion statistics (summed over seeds) ===
Total test examples (summed across seeds): 24652
Correct (diagonal) count: 20967 (85.0519%)
Errors (off-diagonal) count: 3685 (14.9481%)

=== Top-5 most commonly confused (True → Pred) across all seeds ===
 1. infectious gastroenteritis  →  noninfectious gastroenteritis   (count=48)
 2. acute bronchospasm  →  pneumonia   (count=35)
 3. cholecystitis  →  gallstone   (count=33)
 4. schizophrenia  →  psychotic disorder   (count=29)
 5. dry eye of unknown cause  →  corneal disorder   (count=22)

=== Representative per-class performance (aggregated over seeds) ===
Disease | Support | Accuracy | Precision | Recall | F1
pregnancy | 1 | 0.0000 | 0.0000 | 0.0000 | 0.0000
birth trauma | 1 | 0.0000 | 0.0000 | 0.0000 | 0.0000
rhabdomyolysis | 1 | 0.0000 | 0.0000 | 0.0000 | 0.0000
ovarian cancer | 2 | 0.0000 | 0.0000 | 0.0000 | 0.0000
chronic otitis media | 67 | 0.8507 | 0.9344 | 0.8507 | 0.8906
viral exanthem | 60 | 0.8833 | 0.8983 | 0.8833 | 0.8908
fracture of the arm | 44 | 0.9318 | 0.8542 | 0.9318 | 0.8913
tonsillar hypertrophy | 34 | 0.9706 | 0.8250 | 0.9706 | 0.8919
abdominal aortic aneurysm | 14 | 1.0000 | 1.0000 | 1.0000 | 1.0000
adrenal adenoma | 3 | 1.0000 | 1.0000 | 1.0000 | 1.0000
alcoholic liver disease | 24 | 1.0000 | 1.0000 | 1.0000 | 1.0000
allergy to animals | 4 | 1.0000 | 1.0000 | 1.0000 | 1.0000

Done.
Saved heatmap: runs_ae_clf_tuning\AEclf_lr0p0001_elr1em5_bs64_h512_256_128_64.png and runs_ae_clf_tuning\AEclf_lr0p0001_elr1em5_bs64_h512_256_128_64.jpg
Total runtime: 1805.0s
