Device: cpu
Seeds: [1]
======================================================================
Input dim (raw): 377
Classes: 677
Random baseline acc: 0.1477%
======================================================================
Loading trained autoencoder...
Autoencoder checkpoint: runs_autoencoder/autoencoder_seed0_lr0.0001_bs64_z128_bestVAL0.000248_test0.000235.pth
Autoencoder loaded (latent_dim=128)
[seed 1] Early stopping (no improvement for 10 epochs)
[seed 1] VAL macroF1=0.7945 | TEST acc=0.8202 | macroP/R/F1=0.7775/0.8538/0.7923 | top3=0.9397 | top5=0.9661

GRID_METRIC val_macro_f1 0.794492
GRID_METRIC val_macro_f1_std 0.000000
GRID_METRIC val_acc 0.819358
GRID_METRIC val_top3 0.939394
GRID_METRIC val_top5 0.967182

=== TEST METRICS over seeds (mean ± std) ===
Test Loss       : 0.5302 ± 0.0000
Test Acc        : 0.8202 ± 0.0000
Macro Precision : 0.7775 ± 0.0000
Macro Recall    : 0.8538 ± 0.0000
Macro F1        : 0.7923 ± 0.0000
Top-3 Acc       : 0.9397 ± 0.0000
Top-5 Acc       : 0.9661 ± 0.0000

=== Aggregated confusion statistics (summed over seeds) ===
Total test examples (summed across seeds): 24652
Correct (diagonal) count: 20220 (82.0217%)
Errors (off-diagonal) count: 4432 (17.9783%)

=== Top-5 most commonly confused (True → Pred) across all seeds ===
 1. infectious gastroenteritis  →  noninfectious gastroenteritis   (count=28)
 2. noninfectious gastroenteritis  →  infectious gastroenteritis   (count=26)
 3. acute bronchitis  →  chronic obstructive pulmonary disease (copd)   (count=24)
 4. gallstone  →  cholecystitis   (count=21)
 5. personality disorder  →  post-traumatic stress disorder (ptsd)   (count=20)

=== Representative per-class performance (aggregated over seeds) ===
Disease | Support | Accuracy | Precision | Recall | F1
pregnancy | 1 | 0.0000 | 0.0000 | 0.0000 | 0.0000
open wound of the nose | 1 | 0.0000 | 0.0000 | 0.0000 | 0.0000
pseudohypoparathyroidism | 1 | 0.0000 | 0.0000 | 0.0000 | 0.0000
birth trauma | 1 | 0.0000 | 0.0000 | 0.0000 | 0.0000
meningitis | 30 | 0.8333 | 0.8333 | 0.8333 | 0.8333
burn | 5 | 1.0000 | 0.7143 | 1.0000 | 0.8333
lung cancer | 5 | 1.0000 | 0.7143 | 1.0000 | 0.8333
appendicitis | 91 | 0.8681 | 0.8061 | 0.8681 | 0.8360
adrenal adenoma | 3 | 1.0000 | 1.0000 | 1.0000 | 1.0000
amblyopia | 4 | 1.0000 | 1.0000 | 1.0000 | 1.0000
allergy to animals | 4 | 1.0000 | 1.0000 | 1.0000 | 1.0000
alcoholic liver disease | 24 | 1.0000 | 1.0000 | 1.0000 | 1.0000

Done.
Saved heatmap: runs_ae_clf_tuning\AEclf_lr0p001_bs64_h512_256_128_64.png and runs_ae_clf_tuning\AEclf_lr0p001_bs64_h512_256_128_64.jpg
Total runtime: 718.9s
