Device: cpu
Seeds: [1]
======================================================================
Input dim (raw): 377
Classes: 677
Random baseline acc: 0.1477%
======================================================================
Loading pretrained autoencoder for end-to-end fine-tuning...
Autoencoder checkpoint: runs_autoencoder/autoencoder_seed0_lr0.0001_bs64_z128_bestVAL0.000248_test0.000235.pth
Autoencoder loaded (latent_dim=128)
Encoder LR: 0.0001  |  Classifier head LR: 0.0001
[seed 1] Early stopping (no improvement for 10 epochs)
[seed 1] VAL macroF1=0.8432 | TEST acc=0.8514 | macroP/R/F1=0.8246/0.8815/0.8390 | top3=0.9547 | top5=0.9766

GRID_METRIC val_macro_f1 0.843187
GRID_METRIC val_macro_f1_std 0.000000
GRID_METRIC val_acc 0.853961
GRID_METRIC val_top3 0.953998
GRID_METRIC val_top5 0.976025

=== TEST METRICS over seeds (mean ± std) ===
Test Loss       : 0.3957 ± 0.0000
Test Acc        : 0.8514 ± 0.0000
Macro Precision : 0.8246 ± 0.0000
Macro Recall    : 0.8815 ± 0.0000
Macro F1        : 0.8390 ± 0.0000
Top-3 Acc       : 0.9547 ± 0.0000
Top-5 Acc       : 0.9766 ± 0.0000

=== Aggregated confusion statistics (summed over seeds) ===
Total test examples (summed across seeds): 24652
Correct (diagonal) count: 20989 (85.1412%)
Errors (off-diagonal) count: 3663 (14.8588%)

=== Top-5 most commonly confused (True → Pred) across all seeds ===
 1. infectious gastroenteritis  →  noninfectious gastroenteritis   (count=56)
 2. cholecystitis  →  gallstone   (count=34)
 3. psychotic disorder  →  schizophrenia   (count=28)
 4. seborrheic keratosis  →  skin pigmentation disorder   (count=24)
 5. depression  →  post-traumatic stress disorder (ptsd)   (count=23)

=== Representative per-class performance (aggregated over seeds) ===
Disease | Support | Accuracy | Precision | Recall | F1
vitreous hemorrhage | 2 | 0.0000 | 0.0000 | 0.0000 | 0.0000
birth trauma | 1 | 0.0000 | 0.0000 | 0.0000 | 0.0000
open wound of the nose | 1 | 0.0000 | 0.0000 | 0.0000 | 0.0000
pregnancy | 1 | 0.0000 | 0.0000 | 0.0000 | 0.0000
myositis | 13 | 0.9231 | 0.8571 | 0.9231 | 0.8889
mumps | 4 | 1.0000 | 0.8000 | 1.0000 | 0.8889
pulmonary eosinophilia | 18 | 0.8889 | 0.8889 | 0.8889 | 0.8889
peripheral arterial embolism | 13 | 0.9231 | 0.8571 | 0.9231 | 0.8889
abdominal aortic aneurysm | 14 | 1.0000 | 1.0000 | 1.0000 | 1.0000
adrenal adenoma | 3 | 1.0000 | 1.0000 | 1.0000 | 1.0000
alcoholic liver disease | 24 | 1.0000 | 1.0000 | 1.0000 | 1.0000
allergy to animals | 4 | 1.0000 | 1.0000 | 1.0000 | 1.0000

Done.
Saved heatmap: runs_ae_clf_tuning\AEclf_lr0p0001_elr1em4_bs64_h512_256_128_64.png and runs_ae_clf_tuning\AEclf_lr0p0001_elr1em4_bs64_h512_256_128_64.jpg
Total runtime: 1662.9s
