Device: cpu
Seeds: [1]
======================================================================
Input dim (raw): 377
Classes: 677
Random baseline acc: 0.1477%
======================================================================
Loading pretrained autoencoder for end-to-end fine-tuning...
Autoencoder checkpoint: runs_autoencoder/autoencoder_seed0_lr0.0001_bs64_z128_bestVAL0.000248_test0.000235.pth
Autoencoder loaded (latent_dim=128)
Encoder LR: 1e-05  |  Classifier head LR: 0.001
[seed 1] Early stopping (no improvement for 10 epochs)
[seed 1] VAL macroF1=0.8231 | TEST acc=0.8352 | macroP/R/F1=0.8001/0.8641/0.8156 | top3=0.9457 | top5=0.9729

GRID_METRIC val_macro_f1 0.823075
GRID_METRIC val_macro_f1_std 0.000000
GRID_METRIC val_acc 0.838222
GRID_METRIC val_top3 0.948197
GRID_METRIC val_top5 0.971766

=== TEST METRICS over seeds (mean ± std) ===
Test Loss       : 0.5143 ± 0.0000
Test Acc        : 0.8352 ± 0.0000
Macro Precision : 0.8001 ± 0.0000
Macro Recall    : 0.8641 ± 0.0000
Macro F1        : 0.8156 ± 0.0000
Top-3 Acc       : 0.9457 ± 0.0000
Top-5 Acc       : 0.9729 ± 0.0000

=== Aggregated confusion statistics (summed over seeds) ===
Total test examples (summed across seeds): 24652
Correct (diagonal) count: 20589 (83.5186%)
Errors (off-diagonal) count: 4063 (16.4814%)

=== Top-5 most commonly confused (True → Pred) across all seeds ===
 1. infectious gastroenteritis  →  noninfectious gastroenteritis   (count=37)
 2. pyelonephritis  →  kidney stone   (count=31)
 3. cholecystitis  →  gallstone   (count=29)
 4. psychotic disorder  →  schizophrenia   (count=27)
 5. depression  →  post-traumatic stress disorder (ptsd)   (count=22)

=== Representative per-class performance (aggregated over seeds) ===
Disease | Support | Accuracy | Precision | Recall | F1
ovarian cancer | 2 | 0.0000 | 0.0000 | 0.0000 | 0.0000
open wound of the nose | 1 | 0.0000 | 0.0000 | 0.0000 | 0.0000
raynaud disease | 1 | 0.0000 | 0.0000 | 0.0000 | 0.0000
birth trauma | 1 | 0.0000 | 0.0000 | 0.0000 | 0.0000
flu | 68 | 0.9559 | 0.7831 | 0.9559 | 0.8609
hydronephrosis | 34 | 0.9118 | 0.8158 | 0.9118 | 0.8611
paroxysmal supraventricular tachycardia | 38 | 0.8158 | 0.9118 | 0.8158 | 0.8611
diabetic ketoacidosis | 68 | 0.8676 | 0.8551 | 0.8676 | 0.8613
abdominal aortic aneurysm | 14 | 1.0000 | 1.0000 | 1.0000 | 1.0000
uveitis | 2 | 1.0000 | 1.0000 | 1.0000 | 1.0000
anemia due to malignancy | 1 | 1.0000 | 1.0000 | 1.0000 | 1.0000
anemia of chronic disease | 4 | 1.0000 | 1.0000 | 1.0000 | 1.0000

Done.
Saved heatmap: runs_ae_clf_tuning\AEclf_lr0p001_elr1em5_bs64_h256_128_64.png and runs_ae_clf_tuning\AEclf_lr0p001_elr1em5_bs64_h256_128_64.jpg
Total runtime: 1467.9s
