Device: cpu
Seeds: [1]
======================================================================
Input dim (raw): 377
Classes: 677
Random baseline acc: 0.1477%
======================================================================
Loading pretrained autoencoder for end-to-end fine-tuning...
Autoencoder checkpoint: runs_autoencoder/autoencoder_seed0_lr0.0001_bs64_z128_bestVAL0.000248_test0.000235.pth
Autoencoder loaded (latent_dim=128)
Encoder LR: 0.001  |  Classifier head LR: 0.001
[seed 1] Early stopping (no improvement for 10 epochs)
[seed 1] VAL macroF1=0.8294 | TEST acc=0.8426 | macroP/R/F1=0.8119/0.8715/0.8253 | top3=0.9476 | top5=0.9708

GRID_METRIC val_macro_f1 0.829368
GRID_METRIC val_macro_f1_std 0.000000
GRID_METRIC val_acc 0.844631
GRID_METRIC val_top3 0.946452
GRID_METRIC val_top5 0.968967

=== TEST METRICS over seeds (mean ± std) ===
Test Loss       : 0.4556 ± 0.0000
Test Acc        : 0.8426 ± 0.0000
Macro Precision : 0.8119 ± 0.0000
Macro Recall    : 0.8715 ± 0.0000
Macro F1        : 0.8253 ± 0.0000
Top-3 Acc       : 0.9476 ± 0.0000
Top-5 Acc       : 0.9708 ± 0.0000

=== Aggregated confusion statistics (summed over seeds) ===
Total test examples (summed across seeds): 24652
Correct (diagonal) count: 20773 (84.2650%)
Errors (off-diagonal) count: 3879 (15.7350%)

=== Top-5 most commonly confused (True → Pred) across all seeds ===
 1. schizophrenia  →  psychotic disorder   (count=28)
 2. infectious gastroenteritis  →  noninfectious gastroenteritis   (count=28)
 3. noninfectious gastroenteritis  →  infectious gastroenteritis   (count=25)
 4. cholecystitis  →  gallstone   (count=23)
 5. skin polyp  →  skin disorder   (count=22)

=== Representative per-class performance (aggregated over seeds) ===
Disease | Support | Accuracy | Precision | Recall | F1
birth trauma | 1 | 0.0000 | 0.0000 | 0.0000 | 0.0000
raynaud disease | 1 | 0.0000 | 0.0000 | 0.0000 | 0.0000
rhabdomyolysis | 1 | 0.0000 | 0.0000 | 0.0000 | 0.0000
central atherosclerosis | 2 | 0.0000 | 0.0000 | 0.0000 | 0.0000
obsessive compulsive disorder (ocd) | 46 | 0.9130 | 0.8400 | 0.9130 | 0.8750
trigger finger (finger disorder) | 8 | 0.8750 | 0.8750 | 0.8750 | 0.8750
osteochondroma | 21 | 1.0000 | 0.7778 | 1.0000 | 0.8750
conduct disorder | 68 | 0.7794 | 1.0000 | 0.7794 | 0.8760
volvulus | 1 | 1.0000 | 1.0000 | 1.0000 | 1.0000
alcoholic liver disease | 24 | 1.0000 | 1.0000 | 1.0000 | 1.0000
adrenal adenoma | 3 | 1.0000 | 1.0000 | 1.0000 | 1.0000
anemia due to malignancy | 1 | 1.0000 | 1.0000 | 1.0000 | 1.0000

Done.
Saved heatmap: runs_ae_clf_tuning\AEclf_lr0p001_elr1em3_bs64_h256_128_64.png and runs_ae_clf_tuning\AEclf_lr0p001_elr1em3_bs64_h256_128_64.jpg
Total runtime: 1417.6s
