Device: cpu
Seeds: [1]
======================================================================
Input dim (raw): 377
Classes: 677
Random baseline acc: 0.1477%
======================================================================
Loading trained autoencoder...
Autoencoder checkpoint: runs_autoencoder/autoencoder_seed0_lr0.0001_bs64_z128_bestVAL0.000248_test0.000235.pth
Autoencoder loaded (latent_dim=128)
[seed 1] Early stopping (no improvement for 10 epochs)
[seed 1] VAL macroF1=0.7519 | TEST acc=0.7879 | macroP/R/F1=0.7329/0.8254/0.7480 | top3=0.9220 | top5=0.9542

GRID_METRIC val_macro_f1 0.751927
GRID_METRIC val_macro_f1_std 0.000000
GRID_METRIC val_acc 0.784471
GRID_METRIC val_top3 0.921342
GRID_METRIC val_top5 0.953876

=== TEST METRICS over seeds (mean ± std) ===
Test Loss       : 0.6728 ± 0.0000
Test Acc        : 0.7879 ± 0.0000
Macro Precision : 0.7329 ± 0.0000
Macro Recall    : 0.8254 ± 0.0000
Macro F1        : 0.7480 ± 0.0000
Top-3 Acc       : 0.9220 ± 0.0000
Top-5 Acc       : 0.9542 ± 0.0000

=== Aggregated confusion statistics (summed over seeds) ===
Total test examples (summed across seeds): 24652
Correct (diagonal) count: 19424 (78.7928%)
Errors (off-diagonal) count: 5228 (21.2072%)

=== Top-5 most commonly confused (True → Pred) across all seeds ===
 1. infectious gastroenteritis  →  noninfectious gastroenteritis   (count=45)
 2. acute bronchitis  →  chronic obstructive pulmonary disease (copd)   (count=28)
 3. tooth disorder  →  gum disease   (count=27)
 4. cystitis  →  bladder disorder   (count=25)
 5. cholecystitis  →  gallstone   (count=24)

=== Representative per-class performance (aggregated over seeds) ===
Disease | Support | Accuracy | Precision | Recall | F1
pseudohypoparathyroidism | 1 | 0.0000 | 0.0000 | 0.0000 | 0.0000
pregnancy | 1 | 0.0000 | 0.0000 | 0.0000 | 0.0000
birth trauma | 1 | 0.0000 | 0.0000 | 0.0000 | 0.0000
open wound of the nose | 1 | 0.0000 | 0.0000 | 0.0000 | 0.0000
endometrial hyperplasia | 5 | 0.8000 | 0.8000 | 0.8000 | 0.8000
ulcerative colitis | 38 | 0.7895 | 0.8108 | 0.7895 | 0.8000
epilepsy | 7 | 0.8571 | 0.7500 | 0.8571 | 0.8000
atrophy of the corpus cavernosum | 4 | 1.0000 | 0.6667 | 1.0000 | 0.8000
adrenal adenoma | 3 | 1.0000 | 1.0000 | 1.0000 | 1.0000
uveitis | 2 | 1.0000 | 1.0000 | 1.0000 | 1.0000
testicular cancer | 1 | 1.0000 | 1.0000 | 1.0000 | 1.0000
toxoplasmosis | 1 | 1.0000 | 1.0000 | 1.0000 | 1.0000

Done.
Saved heatmap: runs_ae_clf_tuning\AEclf_lr0p001_bs32_h512_256_128_64.png and runs_ae_clf_tuning\AEclf_lr0p001_bs32_h512_256_128_64.jpg
Total runtime: 864.5s
