Device: cpu
Seeds: [1]
======================================================================
Input dim (raw): 377
Classes: 677
Random baseline acc: 0.1477%
======================================================================
Loading pretrained autoencoder for end-to-end fine-tuning...
Autoencoder checkpoint: runs_autoencoder/autoencoder_seed0_lr0.0001_bs64_z128_bestVAL0.000248_test0.000235.pth
Autoencoder loaded (latent_dim=128)
Encoder LR: 1e-05  |  Classifier head LR: 0.0003
[seed 1] VAL macroF1=0.8415 | TEST acc=0.8489 | macroP/R/F1=0.8221/0.8799/0.8347 | top3=0.9536 | top5=0.9765

GRID_METRIC val_macro_f1 0.841544
GRID_METRIC val_macro_f1_std 0.000000
GRID_METRIC val_acc 0.849702
GRID_METRIC val_top3 0.952903
GRID_METRIC val_top5 0.976188

=== TEST METRICS over seeds (mean ± std) ===
Test Loss       : 0.4095 ± 0.0000
Test Acc        : 0.8489 ± 0.0000
Macro Precision : 0.8221 ± 0.0000
Macro Recall    : 0.8799 ± 0.0000
Macro F1        : 0.8347 ± 0.0000
Top-3 Acc       : 0.9536 ± 0.0000
Top-5 Acc       : 0.9765 ± 0.0000

=== Aggregated confusion statistics (summed over seeds) ===
Total test examples (summed across seeds): 24652
Correct (diagonal) count: 20928 (84.8937%)
Errors (off-diagonal) count: 3724 (15.1063%)

=== Top-5 most commonly confused (True → Pred) across all seeds ===
 1. infectious gastroenteritis  →  noninfectious gastroenteritis   (count=53)
 2. kidney stone  →  pyelonephritis   (count=31)
 3. psychotic disorder  →  schizophrenia   (count=25)
 4. seborrheic keratosis  →  skin pigmentation disorder   (count=25)
 5. skin polyp  →  skin disorder   (count=24)

=== Representative per-class performance (aggregated over seeds) ===
Disease | Support | Accuracy | Precision | Recall | F1
raynaud disease | 1 | 0.0000 | 0.0000 | 0.0000 | 0.0000
pregnancy | 1 | 0.0000 | 0.0000 | 0.0000 | 0.0000
birth trauma | 1 | 0.0000 | 0.0000 | 0.0000 | 0.0000
thyroid disease | 1 | 0.0000 | 0.0000 | 0.0000 | 0.0000
conduct disorder | 68 | 0.8235 | 0.9655 | 0.8235 | 0.8889
dislocation of the vertebra | 4 | 1.0000 | 0.8000 | 1.0000 | 0.8889
scarlet fever | 9 | 0.8889 | 0.8889 | 0.8889 | 0.8889
testicular torsion | 9 | 0.8889 | 0.8889 | 0.8889 | 0.8889
alcoholic liver disease | 24 | 1.0000 | 1.0000 | 1.0000 | 1.0000
allergy to animals | 4 | 1.0000 | 1.0000 | 1.0000 | 1.0000
amyotrophic lateral sclerosis (als) | 6 | 1.0000 | 1.0000 | 1.0000 | 1.0000
trichinosis | 1 | 1.0000 | 1.0000 | 1.0000 | 1.0000

Done.
Saved heatmap: runs_ae_clf_tuning\AEclf_lr0p0003_elr1em5_bs64_h256_128_64.png and runs_ae_clf_tuning\AEclf_lr0p0003_elr1em5_bs64_h256_128_64.jpg
Total runtime: 1732.5s
