Device: cpu
Seeds: [1]
======================================================================
Input dim (raw): 377
Classes: 677
Random baseline acc: 0.1477%
======================================================================
Loading pretrained autoencoder for end-to-end fine-tuning...
Autoencoder checkpoint: runs_autoencoder/autoencoder_seed0_lr0.0001_bs64_z128_bestVAL0.000248_test0.000235.pth
Autoencoder loaded (latent_dim=128)
Encoder LR: 0.0001  |  Classifier head LR: 0.0001
[seed 1] Early stopping (no improvement for 10 epochs)
[seed 1] VAL macroF1=0.8454 | TEST acc=0.8510 | macroP/R/F1=0.8282/0.8833/0.8394 | top3=0.9526 | top5=0.9761

GRID_METRIC val_macro_f1 0.845409
GRID_METRIC val_macro_f1_std 0.000000
GRID_METRIC val_acc 0.852136
GRID_METRIC val_top3 0.955012
GRID_METRIC val_top5 0.976066

=== TEST METRICS over seeds (mean ± std) ===
Test Loss       : 0.3985 ± 0.0000
Test Acc        : 0.8510 ± 0.0000
Macro Precision : 0.8282 ± 0.0000
Macro Recall    : 0.8833 ± 0.0000
Macro F1        : 0.8394 ± 0.0000
Top-3 Acc       : 0.9526 ± 0.0000
Top-5 Acc       : 0.9761 ± 0.0000

=== Aggregated confusion statistics (summed over seeds) ===
Total test examples (summed across seeds): 24652
Correct (diagonal) count: 20978 (85.0965%)
Errors (off-diagonal) count: 3674 (14.9035%)

=== Top-5 most commonly confused (True → Pred) across all seeds ===
 1. infectious gastroenteritis  →  noninfectious gastroenteritis   (count=40)
 2. schizophrenia  →  psychotic disorder   (count=29)
 3. cholecystitis  →  gallstone   (count=23)
 4. vaginal cyst  →  spontaneous abortion   (count=22)
 5. gum disease  →  tooth disorder   (count=20)

=== Representative per-class performance (aggregated over seeds) ===
Disease | Support | Accuracy | Precision | Recall | F1
birth trauma | 1 | 0.0000 | 0.0000 | 0.0000 | 0.0000
central atherosclerosis | 2 | 0.0000 | 0.0000 | 0.0000 | 0.0000
diabetes insipidus | 1 | 0.0000 | 0.0000 | 0.0000 | 0.0000
rhabdomyolysis | 1 | 0.0000 | 0.0000 | 0.0000 | 0.0000
fracture of the neck | 4 | 1.0000 | 0.8000 | 1.0000 | 0.8889
bone cancer | 8 | 1.0000 | 0.8000 | 1.0000 | 0.8889
amblyopia | 4 | 1.0000 | 0.8000 | 1.0000 | 0.8889
vocal cord polyp | 9 | 0.8889 | 0.8889 | 0.8889 | 0.8889
adrenal adenoma | 3 | 1.0000 | 1.0000 | 1.0000 | 1.0000
uveitis | 2 | 1.0000 | 1.0000 | 1.0000 | 1.0000
tourette syndrome | 3 | 1.0000 | 1.0000 | 1.0000 | 1.0000
testicular disorder | 6 | 1.0000 | 1.0000 | 1.0000 | 1.0000

Done.
Saved heatmap: runs_ae_clf_tuning\AEclf_lr0p0001_elr1em4_bs32_h256_128_64.png and runs_ae_clf_tuning\AEclf_lr0p0001_elr1em4_bs32_h256_128_64.jpg
Total runtime: 1597.0s
