Device: cpu
Seeds: [1]
======================================================================
Input dim (raw): 377
Classes: 677
Random baseline acc: 0.1477%
======================================================================
Loading pretrained autoencoder for end-to-end fine-tuning...
Autoencoder checkpoint: runs_autoencoder/autoencoder_seed0_lr0.0001_bs64_z128_bestVAL0.000248_test0.000235.pth
Autoencoder loaded (latent_dim=128)
Encoder LR: 0.001  |  Classifier head LR: 0.0001
[seed 1] Early stopping (no improvement for 10 epochs)
[seed 1] VAL macroF1=0.8420 | TEST acc=0.8474 | macroP/R/F1=0.8238/0.8726/0.8338 | top3=0.9507 | top5=0.9737

GRID_METRIC val_macro_f1 0.842039
GRID_METRIC val_macro_f1_std 0.000000
GRID_METRIC val_acc 0.846862
GRID_METRIC val_top3 0.950428
GRID_METRIC val_top5 0.972780

=== TEST METRICS over seeds (mean ± std) ===
Test Loss       : 0.4674 ± 0.0000
Test Acc        : 0.8474 ± 0.0000
Macro Precision : 0.8238 ± 0.0000
Macro Recall    : 0.8726 ± 0.0000
Macro F1        : 0.8338 ± 0.0000
Top-3 Acc       : 0.9507 ± 0.0000
Top-5 Acc       : 0.9737 ± 0.0000

=== Aggregated confusion statistics (summed over seeds) ===
Total test examples (summed across seeds): 24652
Correct (diagonal) count: 20890 (84.7396%)
Errors (off-diagonal) count: 3762 (15.2604%)

=== Top-5 most commonly confused (True → Pred) across all seeds ===
 1. infectious gastroenteritis  →  noninfectious gastroenteritis   (count=47)
 2. cholecystitis  →  gallstone   (count=27)
 3. temporary or benign blood in urine  →  bladder disorder   (count=20)
 4. skin polyp  →  skin disorder   (count=19)
 5. gum disease  →  tooth disorder   (count=18)

=== Representative per-class performance (aggregated over seeds) ===
Disease | Support | Accuracy | Precision | Recall | F1
birth trauma | 1 | 0.0000 | 0.0000 | 0.0000 | 0.0000
raynaud disease | 1 | 0.0000 | 0.0000 | 0.0000 | 0.0000
syringomyelia | 1 | 0.0000 | 0.0000 | 0.0000 | 0.0000
diabetes insipidus | 1 | 0.0000 | 0.0000 | 0.0000 | 0.0000
meningitis | 30 | 0.9000 | 0.8710 | 0.9000 | 0.8852
scleroderma | 34 | 0.9118 | 0.8611 | 0.9118 | 0.8857
hypovolemia | 43 | 0.9070 | 0.8667 | 0.9070 | 0.8864
acute respiratory distress syndrome (ards) | 45 | 0.9556 | 0.8269 | 0.9556 | 0.8866
tourette syndrome | 3 | 1.0000 | 1.0000 | 1.0000 | 1.0000
trichiasis | 3 | 1.0000 | 1.0000 | 1.0000 | 1.0000
trichinosis | 1 | 1.0000 | 1.0000 | 1.0000 | 1.0000
tuberculosis | 2 | 1.0000 | 1.0000 | 1.0000 | 1.0000

Done.
Saved heatmap: runs_ae_clf_tuning\AEclf_lr0p0001_elr1em3_bs32_h512_256_128_64.png and runs_ae_clf_tuning\AEclf_lr0p0001_elr1em3_bs32_h512_256_128_64.jpg
Total runtime: 1996.7s
