Device: cpu
Seeds: [1]
======================================================================
Input dim (raw): 377
Classes: 677
Random baseline acc: 0.1477%
======================================================================
Loading pretrained autoencoder for end-to-end fine-tuning...
Autoencoder checkpoint: runs_autoencoder/autoencoder_seed0_lr0.0001_bs64_z128_bestVAL0.000248_test0.000235.pth
Autoencoder loaded (latent_dim=128)
Encoder LR: 0.001  |  Classifier head LR: 0.0003
[seed 1] Early stopping (no improvement for 10 epochs)
[seed 1] VAL macroF1=0.8369 | TEST acc=0.8460 | macroP/R/F1=0.8189/0.8762/0.8315 | top3=0.9471 | top5=0.9709

GRID_METRIC val_macro_f1 0.836925
GRID_METRIC val_macro_f1_std 0.000000
GRID_METRIC val_acc 0.849215
GRID_METRIC val_top3 0.949008
GRID_METRIC val_top5 0.971279

=== TEST METRICS over seeds (mean ± std) ===
Test Loss       : 0.5095 ± 0.0000
Test Acc        : 0.8460 ± 0.0000
Macro Precision : 0.8189 ± 0.0000
Macro Recall    : 0.8762 ± 0.0000
Macro F1        : 0.8315 ± 0.0000
Top-3 Acc       : 0.9471 ± 0.0000
Top-5 Acc       : 0.9709 ± 0.0000

=== Aggregated confusion statistics (summed over seeds) ===
Total test examples (summed across seeds): 24652
Correct (diagonal) count: 20856 (84.6017%)
Errors (off-diagonal) count: 3796 (15.3983%)

=== Top-5 most commonly confused (True → Pred) across all seeds ===
 1. infectious gastroenteritis  →  noninfectious gastroenteritis   (count=42)
 2. cholecystitis  →  gallstone   (count=34)
 3. pyelonephritis  →  kidney stone   (count=31)
 4. skin polyp  →  skin disorder   (count=25)
 5. depression  →  post-traumatic stress disorder (ptsd)   (count=22)

=== Representative per-class performance (aggregated over seeds) ===
Disease | Support | Accuracy | Precision | Recall | F1
raynaud disease | 1 | 0.0000 | 0.0000 | 0.0000 | 0.0000
rhabdomyolysis | 1 | 0.0000 | 0.0000 | 0.0000 | 0.0000
open wound of the nose | 1 | 0.0000 | 0.0000 | 0.0000 | 0.0000
thyroid disease | 1 | 0.0000 | 0.0000 | 0.0000 | 0.0000
dental caries | 119 | 0.8403 | 0.9346 | 0.8403 | 0.8850
vaginal yeast infection | 61 | 0.8852 | 0.8852 | 0.8852 | 0.8852
flu | 68 | 0.8529 | 0.9206 | 0.8529 | 0.8855
mononeuritis | 68 | 0.9118 | 0.8611 | 0.9118 | 0.8857
adrenal adenoma | 3 | 1.0000 | 1.0000 | 1.0000 | 1.0000
allergy to animals | 4 | 1.0000 | 1.0000 | 1.0000 | 1.0000
uveitis | 2 | 1.0000 | 1.0000 | 1.0000 | 1.0000
trichinosis | 1 | 1.0000 | 1.0000 | 1.0000 | 1.0000

Done.
Saved heatmap: runs_ae_clf_tuning\AEclf_lr0p0003_elr1em3_bs32_h512_256_128_64.png and runs_ae_clf_tuning\AEclf_lr0p0003_elr1em3_bs32_h512_256_128_64.jpg
Total runtime: 3014.9s
