Device: cpu
Seeds: [1]
======================================================================
Input dim (raw): 377
Classes: 677
Random baseline acc: 0.1477%
======================================================================
Loading pretrained autoencoder for end-to-end fine-tuning...
Autoencoder checkpoint: runs_autoencoder/autoencoder_seed0_lr0.0001_bs64_z128_bestVAL0.000248_test0.000235.pth
Autoencoder loaded (latent_dim=128)
Encoder LR: 1e-05  |  Classifier head LR: 0.001
[seed 1] Early stopping (no improvement for 10 epochs)
[seed 1] VAL macroF1=0.7723 | TEST acc=0.7978 | macroP/R/F1=0.7522/0.8397/0.7678 | top3=0.9299 | top5=0.9585

GRID_METRIC val_macro_f1 0.772306
GRID_METRIC val_macro_f1_std 0.000000
GRID_METRIC val_acc 0.800982
GRID_METRIC val_top3 0.928522
GRID_METRIC val_top5 0.957892

=== TEST METRICS over seeds (mean ± std) ===
Test Loss       : 0.6137 ± 0.0000
Test Acc        : 0.7978 ± 0.0000
Macro Precision : 0.7522 ± 0.0000
Macro Recall    : 0.8397 ± 0.0000
Macro F1        : 0.7678 ± 0.0000
Top-3 Acc       : 0.9299 ± 0.0000
Top-5 Acc       : 0.9585 ± 0.0000

=== Aggregated confusion statistics (summed over seeds) ===
Total test examples (summed across seeds): 24652
Correct (diagonal) count: 19668 (79.7826%)
Errors (off-diagonal) count: 4984 (20.2174%)

=== Top-5 most commonly confused (True → Pred) across all seeds ===
 1. noninfectious gastroenteritis  →  infectious gastroenteritis   (count=49)
 2. seborrheic keratosis  →  skin polyp   (count=33)
 3. psychotic disorder  →  schizophrenia   (count=27)
 4. skin pigmentation disorder  →  skin polyp   (count=27)
 5. nose disorder  →  acute sinusitis   (count=26)

=== Representative per-class performance (aggregated over seeds) ===
Disease | Support | Accuracy | Precision | Recall | F1
open wound of the nose | 1 | 0.0000 | 0.0000 | 0.0000 | 0.0000
birth trauma | 1 | 0.0000 | 0.0000 | 0.0000 | 0.0000
thyroid disease | 1 | 0.0000 | 0.0000 | 0.0000 | 0.0000
poisoning due to antihypertensives | 1 | 0.0000 | 0.0000 | 0.0000 | 0.0000
pulmonary congestion | 50 | 0.9400 | 0.7231 | 0.9400 | 0.8174
essential tremor | 19 | 0.9474 | 0.7200 | 0.9474 | 0.8182
diverticulitis | 122 | 0.8115 | 0.8250 | 0.8115 | 0.8182
tietze syndrome | 34 | 0.7941 | 0.8438 | 0.7941 | 0.8182
abdominal aortic aneurysm | 14 | 1.0000 | 1.0000 | 1.0000 | 1.0000
toxoplasmosis | 1 | 1.0000 | 1.0000 | 1.0000 | 1.0000
aspergillosis | 1 | 1.0000 | 1.0000 | 1.0000 | 1.0000
infection of open wound | 3 | 1.0000 | 1.0000 | 1.0000 | 1.0000

Done.
Saved heatmap: runs_ae_clf_tuning\AEclf_lr0p001_elr1em5_bs32_h512_256_128_64.png and runs_ae_clf_tuning\AEclf_lr0p001_elr1em5_bs32_h512_256_128_64.jpg
Total runtime: 1211.5s
