Device: cpu
Seeds: [1]
======================================================================
Input dim (raw): 377
Classes: 677
Random baseline acc: 0.1477%
======================================================================
Loading pretrained autoencoder for end-to-end fine-tuning...
Autoencoder checkpoint: runs_autoencoder/autoencoder_seed0_lr0.0001_bs64_z128_bestVAL0.000248_test0.000235.pth
Autoencoder loaded (latent_dim=128)
Encoder LR: 1e-05  |  Classifier head LR: 0.0001
[seed 1] VAL macroF1=0.8407 | TEST acc=0.8525 | macroP/R/F1=0.8259/0.8812/0.8364 | top3=0.9555 | top5=0.9770

GRID_METRIC val_macro_f1 0.840687
GRID_METRIC val_macro_f1_std 0.000000
GRID_METRIC val_acc 0.854773
GRID_METRIC val_top3 0.955377
GRID_METRIC val_top5 0.978054

=== TEST METRICS over seeds (mean ± std) ===
Test Loss       : 0.3906 ± 0.0000
Test Acc        : 0.8525 ± 0.0000
Macro Precision : 0.8259 ± 0.0000
Macro Recall    : 0.8812 ± 0.0000
Macro F1        : 0.8364 ± 0.0000
Top-3 Acc       : 0.9555 ± 0.0000
Top-5 Acc       : 0.9770 ± 0.0000

=== Aggregated confusion statistics (summed over seeds) ===
Total test examples (summed across seeds): 24652
Correct (diagonal) count: 21016 (85.2507%)
Errors (off-diagonal) count: 3636 (14.7493%)

=== Top-5 most commonly confused (True → Pred) across all seeds ===
 1. infectious gastroenteritis  →  noninfectious gastroenteritis   (count=56)
 2. cholecystitis  →  gallstone   (count=29)
 3. seborrheic keratosis  →  skin pigmentation disorder   (count=25)
 4. depression  →  post-traumatic stress disorder (ptsd)   (count=20)
 5. vaginal cyst  →  spontaneous abortion   (count=20)

=== Representative per-class performance (aggregated over seeds) ===
Disease | Support | Accuracy | Precision | Recall | F1
open wound of the nose | 1 | 0.0000 | 0.0000 | 0.0000 | 0.0000
pregnancy | 1 | 0.0000 | 0.0000 | 0.0000 | 0.0000
birth trauma | 1 | 0.0000 | 0.0000 | 0.0000 | 0.0000
thyroid disease | 1 | 0.0000 | 0.0000 | 0.0000 | 0.0000
anemia due to chronic kidney disease | 5 | 0.8000 | 1.0000 | 0.8000 | 0.8889
amblyopia | 4 | 1.0000 | 0.8000 | 1.0000 | 0.8889
pulmonary eosinophilia | 18 | 0.8889 | 0.8889 | 0.8889 | 0.8889
testicular torsion | 9 | 0.8889 | 0.8889 | 0.8889 | 0.8889
abdominal aortic aneurysm | 14 | 1.0000 | 1.0000 | 1.0000 | 1.0000
amyotrophic lateral sclerosis (als) | 6 | 1.0000 | 1.0000 | 1.0000 | 1.0000
uveitis | 2 | 1.0000 | 1.0000 | 1.0000 | 1.0000
anal fistula | 2 | 1.0000 | 1.0000 | 1.0000 | 1.0000

Done.
Saved heatmap: runs_ae_clf_tuning\AEclf_lr0p0001_elr1em5_bs64_h256_128_64.png and runs_ae_clf_tuning\AEclf_lr0p0001_elr1em5_bs64_h256_128_64.jpg
Total runtime: 1455.8s
