Device: cpu
Seeds: [1]
======================================================================
Input dim (raw): 377
Classes: 677
Random baseline acc: 0.1477%
======================================================================
Loading pretrained autoencoder for end-to-end fine-tuning...
Autoencoder checkpoint: runs_autoencoder/autoencoder_seed0_lr0.0001_bs64_z128_bestVAL0.000248_test0.000235.pth
Autoencoder loaded (latent_dim=128)
Encoder LR: 0.001  |  Classifier head LR: 0.0003
[seed 1] Early stopping (no improvement for 10 epochs)
[seed 1] VAL macroF1=0.8371 | TEST acc=0.8445 | macroP/R/F1=0.8203/0.8759/0.8310 | top3=0.9480 | top5=0.9728

GRID_METRIC val_macro_f1 0.837145
GRID_METRIC val_macro_f1_std 0.000000
GRID_METRIC val_acc 0.848160
GRID_METRIC val_top3 0.947426
GRID_METRIC val_top5 0.971522

=== TEST METRICS over seeds (mean ± std) ===
Test Loss       : 0.4588 ± 0.0000
Test Acc        : 0.8445 ± 0.0000
Macro Precision : 0.8203 ± 0.0000
Macro Recall    : 0.8759 ± 0.0000
Macro F1        : 0.8310 ± 0.0000
Top-3 Acc       : 0.9480 ± 0.0000
Top-5 Acc       : 0.9728 ± 0.0000

=== Aggregated confusion statistics (summed over seeds) ===
Total test examples (summed across seeds): 24652
Correct (diagonal) count: 20819 (84.4516%)
Errors (off-diagonal) count: 3833 (15.5484%)

=== Top-5 most commonly confused (True → Pred) across all seeds ===
 1. noninfectious gastroenteritis  →  infectious gastroenteritis   (count=33)
 2. cholecystitis  →  gallstone   (count=29)
 3. infectious gastroenteritis  →  noninfectious gastroenteritis   (count=27)
 4. psychotic disorder  →  schizophrenia   (count=25)
 5. temporary or benign blood in urine  →  bladder disorder   (count=21)

=== Representative per-class performance (aggregated over seeds) ===
Disease | Support | Accuracy | Precision | Recall | F1
pregnancy | 1 | 0.0000 | 0.0000 | 0.0000 | 0.0000
raynaud disease | 1 | 0.0000 | 0.0000 | 0.0000 | 0.0000
open wound of the nose | 1 | 0.0000 | 0.0000 | 0.0000 | 0.0000
diabetes insipidus | 1 | 0.0000 | 0.0000 | 0.0000 | 0.0000
arrhythmia | 26 | 0.8846 | 0.8846 | 0.8846 | 0.8846
acute stress reaction | 91 | 0.8462 | 0.9277 | 0.8462 | 0.8851
sickle cell crisis | 92 | 0.9239 | 0.8500 | 0.9239 | 0.8854
diabetic ketoacidosis | 68 | 0.9118 | 0.8611 | 0.9118 | 0.8857
abdominal aortic aneurysm | 14 | 1.0000 | 1.0000 | 1.0000 | 1.0000
adrenal adenoma | 3 | 1.0000 | 1.0000 | 1.0000 | 1.0000
alcoholic liver disease | 24 | 1.0000 | 1.0000 | 1.0000 | 1.0000
amyotrophic lateral sclerosis (als) | 6 | 1.0000 | 1.0000 | 1.0000 | 1.0000

Done.
Saved heatmap: runs_ae_clf_tuning\AEclf_lr0p0003_elr1em3_bs64_h512_256_128_64.png and runs_ae_clf_tuning\AEclf_lr0p0003_elr1em3_bs64_h512_256_128_64.jpg
Total runtime: 1378.6s
