Device: cpu
Seeds: [0, 1, 2, 3, 4, 5, 6, 7, 8, 9]
======================================================================
Input dim (raw): 377
Classes: 677
Random baseline acc: 0.1477%
======================================================================
Loading pretrained autoencoder for end-to-end fine-tuning...
Autoencoder checkpoint: runs_autoencoder\autoencoder_seed0_lr0.0001_bs64_z64_bestVAL0.000360_test0.000361.pth
Autoencoder loaded (latent_dim=64)
Encoder LR: 0.0001  |  Classifier head LR: 0.0001
[seed 0] Early stopping (no improvement for 10 epochs)
[seed 0] VAL macroF1=0.8412 | TEST acc=0.8518 | macroP/R/F1=0.8171/0.8841/0.8335 | top3=0.9548 | top5=0.9784
[seed 1] Early stopping (no improvement for 10 epochs)
[seed 1] VAL macroF1=0.8409 | TEST acc=0.8505 | macroP/R/F1=0.8268/0.8831/0.8376 | top3=0.9538 | top5=0.9766
[seed 2] Early stopping (no improvement for 10 epochs)
[seed 2] VAL macroF1=0.8423 | TEST acc=0.8510 | macroP/R/F1=0.8170/0.8793/0.8293 | top3=0.9553 | top5=0.9760
[seed 3] VAL macroF1=0.8439 | TEST acc=0.8533 | macroP/R/F1=0.8327/0.8859/0.8432 | top3=0.9538 | top5=0.9776
[seed 4] Early stopping (no improvement for 10 epochs)
[seed 4] VAL macroF1=0.8418 | TEST acc=0.8525 | macroP/R/F1=0.8274/0.8880/0.8406 | top3=0.9534 | top5=0.9772
[seed 5] VAL macroF1=0.8428 | TEST acc=0.8544 | macroP/R/F1=0.8307/0.8864/0.8431 | top3=0.9555 | top5=0.9772
[seed 6] VAL macroF1=0.8449 | TEST acc=0.8545 | macroP/R/F1=0.8297/0.8889/0.8428 | top3=0.9547 | top5=0.9768
[seed 7] Early stopping (no improvement for 10 epochs)
[seed 7] VAL macroF1=0.8426 | TEST acc=0.8514 | macroP/R/F1=0.8221/0.8826/0.8337 | top3=0.9547 | top5=0.9780
[seed 8] Early stopping (no improvement for 10 epochs)
[seed 8] VAL macroF1=0.8461 | TEST acc=0.8535 | macroP/R/F1=0.8333/0.8870/0.8447 | top3=0.9562 | top5=0.9773
[seed 9] VAL macroF1=0.8428 | TEST acc=0.8522 | macroP/R/F1=0.8244/0.8840/0.8374 | top3=0.9559 | top5=0.9776

GRID_METRIC val_macro_f1 0.842948
GRID_METRIC val_macro_f1_std 0.001620
GRID_METRIC val_acc 0.853450
GRID_METRIC val_top3 0.954627
GRID_METRIC val_top5 0.976358

=== TEST METRICS over seeds (mean ± std) ===
Test Loss       : 0.3758 ± 0.0046
Test Acc        : 0.8525 ± 0.0014
Macro Precision : 0.8261 ± 0.0059
Macro Recall    : 0.8849 ± 0.0029
Macro F1        : 0.8386 ± 0.0051
Top-3 Acc       : 0.9548 ± 0.0009
Top-5 Acc       : 0.9773 ± 0.0007

=== Aggregated confusion statistics (summed over seeds) ===
Total test examples (summed across seeds): 246520
Correct (diagonal) count: 210164 (85.2523%)
Errors (off-diagonal) count: 36356 (14.7477%)

=== Top-5 most commonly confused (True → Pred) across all seeds ===
 1. noninfectious gastroenteritis  →  infectious gastroenteritis   (count=303)
 2. infectious gastroenteritis  →  noninfectious gastroenteritis   (count=249)
 3. cholecystitis  →  gallstone   (count=246)
 4. kidney stone  →  pyelonephritis   (count=210)
 5. depression  →  post-traumatic stress disorder (ptsd)   (count=193)

=== Representative per-class performance (aggregated over seeds) ===
Disease | Support | Accuracy | Precision | Recall | F1
raynaud disease | 10 | 0.0000 | 0.0000 | 0.0000 | 0.0000
rhabdomyolysis | 10 | 0.0000 | 0.0000 | 0.0000 | 0.0000
hemophilia | 20 | 0.1000 | 0.5000 | 0.1000 | 0.1667
vitreous hemorrhage | 20 | 0.7000 | 0.1308 | 0.7000 | 0.2205
hematoma | 60 | 0.9833 | 0.7973 | 0.9833 | 0.8806
ankylosing spondylitis | 610 | 0.8623 | 0.9007 | 0.8623 | 0.8811
scoliosis | 170 | 0.9412 | 0.8290 | 0.9412 | 0.8815
somatization disorder | 80 | 0.9875 | 0.7980 | 0.9875 | 0.8827
trichinosis | 10 | 1.0000 | 1.0000 | 1.0000 | 1.0000
anal fistula | 20 | 1.0000 | 1.0000 | 1.0000 | 1.0000
poisoning due to antipsychotics | 10 | 1.0000 | 1.0000 | 1.0000 | 1.0000
primary kidney disease | 30 | 1.0000 | 1.0000 | 1.0000 | 1.0000

Done.
Saved heatmap: runs_ae_clf_tuning\AEclf_lr0p0001_elr1em4_bs64_h256_128_64.png and runs_ae_clf_tuning\AEclf_lr0p0001_elr1em4_bs64_h256_128_64.jpg
Total runtime: 11991.9s
