Device: cpu
Seeds: [1]
======================================================================
Input dim (raw): 377
Classes: 677
Random baseline acc: 0.1477%
======================================================================
Loading pretrained autoencoder for end-to-end fine-tuning...
Autoencoder checkpoint: runs_autoencoder/autoencoder_seed0_lr0.0001_bs64_z128_bestVAL0.000248_test0.000235.pth
Autoencoder loaded (latent_dim=128)
Encoder LR: 0.001  |  Classifier head LR: 0.001
[seed 1] Early stopping (no improvement for 10 epochs)
[seed 1] VAL macroF1=0.8011 | TEST acc=0.8281 | macroP/R/F1=0.7887/0.8517/0.7983 | top3=0.9351 | top5=0.9596

GRID_METRIC val_macro_f1 0.801064
GRID_METRIC val_macro_f1_std 0.000000
GRID_METRIC val_acc 0.831528
GRID_METRIC val_top3 0.935702
GRID_METRIC val_top5 0.959150

=== TEST METRICS over seeds (mean ± std) ===
Test Loss       : 0.6164 ± 0.0000
Test Acc        : 0.8281 ± 0.0000
Macro Precision : 0.7887 ± 0.0000
Macro Recall    : 0.8517 ± 0.0000
Macro F1        : 0.7983 ± 0.0000
Top-3 Acc       : 0.9351 ± 0.0000
Top-5 Acc       : 0.9596 ± 0.0000

=== Aggregated confusion statistics (summed over seeds) ===
Total test examples (summed across seeds): 24652
Correct (diagonal) count: 20414 (82.8087%)
Errors (off-diagonal) count: 4238 (17.1913%)

=== Top-5 most commonly confused (True → Pred) across all seeds ===
 1. noninfectious gastroenteritis  →  infectious gastroenteritis   (count=44)
 2. cholecystitis  →  gallstone   (count=33)
 3. depression  →  post-traumatic stress disorder (ptsd)   (count=30)
 4. schizophrenia  →  psychotic disorder   (count=29)
 5. temporary or benign blood in urine  →  bladder disorder   (count=23)

=== Representative per-class performance (aggregated over seeds) ===
Disease | Support | Accuracy | Precision | Recall | F1
raynaud disease | 1 | 0.0000 | 0.0000 | 0.0000 | 0.0000
rhabdomyolysis | 1 | 0.0000 | 0.0000 | 0.0000 | 0.0000
pseudohypoparathyroidism | 1 | 0.0000 | 0.0000 | 0.0000 | 0.0000
birth trauma | 1 | 0.0000 | 0.0000 | 0.0000 | 0.0000
oppositional disorder | 43 | 0.9070 | 0.8125 | 0.9070 | 0.8571
neonatal jaundice | 3 | 1.0000 | 0.7500 | 1.0000 | 0.8571
hepatic encephalopathy | 4 | 0.7500 | 1.0000 | 0.7500 | 0.8571
subacute thyroiditis | 3 | 1.0000 | 0.7500 | 1.0000 | 0.8571
alcoholic liver disease | 24 | 1.0000 | 1.0000 | 1.0000 | 1.0000
allergy to animals | 4 | 1.0000 | 1.0000 | 1.0000 | 1.0000
tourette syndrome | 3 | 1.0000 | 1.0000 | 1.0000 | 1.0000
testicular disorder | 6 | 1.0000 | 1.0000 | 1.0000 | 1.0000

Done.
Saved heatmap: runs_ae_clf_tuning\AEclf_lr0p001_elr1em3_bs32_h512_256_128_64.png and runs_ae_clf_tuning\AEclf_lr0p001_elr1em3_bs32_h512_256_128_64.jpg
Total runtime: 2465.5s
