Device: cpu
Seeds: [1]
======================================================================
Input dim (raw): 377
Classes: 677
Random baseline acc: 0.1477%
======================================================================
Loading pretrained autoencoder for end-to-end fine-tuning...
Autoencoder checkpoint: runs_autoencoder/autoencoder_seed0_lr0.0001_bs64_z128_bestVAL0.000248_test0.000235.pth
Autoencoder loaded (latent_dim=128)
Encoder LR: 0.0001  |  Classifier head LR: 0.001
[seed 1] Early stopping (no improvement for 10 epochs)
[seed 1] VAL macroF1=0.8164 | TEST acc=0.8343 | macroP/R/F1=0.8002/0.8692/0.8149 | top3=0.9440 | top5=0.9688

GRID_METRIC val_macro_f1 0.816355
GRID_METRIC val_macro_f1_std 0.000000
GRID_METRIC val_acc 0.834733
GRID_METRIC val_top3 0.944100
GRID_METRIC val_top5 0.968805

=== TEST METRICS over seeds (mean ± std) ===
Test Loss       : 0.5009 ± 0.0000
Test Acc        : 0.8343 ± 0.0000
Macro Precision : 0.8002 ± 0.0000
Macro Recall    : 0.8692 ± 0.0000
Macro F1        : 0.8149 ± 0.0000
Top-3 Acc       : 0.9440 ± 0.0000
Top-5 Acc       : 0.9688 ± 0.0000

=== Aggregated confusion statistics (summed over seeds) ===
Total test examples (summed across seeds): 24652
Correct (diagonal) count: 20566 (83.4253%)
Errors (off-diagonal) count: 4086 (16.5747%)

=== Top-5 most commonly confused (True → Pred) across all seeds ===
 1. infectious gastroenteritis  →  noninfectious gastroenteritis   (count=50)
 2. skin pigmentation disorder  →  skin polyp   (count=30)
 3. depression  →  post-traumatic stress disorder (ptsd)   (count=26)
 4. psychotic disorder  →  schizophrenia   (count=25)
 5. spondylosis  →  degenerative disc disease   (count=20)

=== Representative per-class performance (aggregated over seeds) ===
Disease | Support | Accuracy | Precision | Recall | F1
raynaud disease | 1 | 0.0000 | 0.0000 | 0.0000 | 0.0000
rhabdomyolysis | 1 | 0.0000 | 0.0000 | 0.0000 | 0.0000
pseudohypoparathyroidism | 1 | 0.0000 | 0.0000 | 0.0000 | 0.0000
pregnancy | 1 | 0.0000 | 0.0000 | 0.0000 | 0.0000
headache after lumbar puncture | 17 | 0.9412 | 0.8000 | 0.9412 | 0.8649
narcolepsy | 18 | 0.8889 | 0.8421 | 0.8889 | 0.8649
intracerebral hemorrhage | 61 | 0.7869 | 0.9600 | 0.7869 | 0.8649
flu | 68 | 0.8529 | 0.8788 | 0.8529 | 0.8657
zenker diverticulum | 1 | 1.0000 | 1.0000 | 1.0000 | 1.0000
adrenal adenoma | 3 | 1.0000 | 1.0000 | 1.0000 | 1.0000
alcoholic liver disease | 24 | 1.0000 | 1.0000 | 1.0000 | 1.0000
allergy to animals | 4 | 1.0000 | 1.0000 | 1.0000 | 1.0000

Done.
Saved heatmap: runs_ae_clf_tuning\AEclf_lr0p001_elr1em4_bs64_h512_256_128_64.png and runs_ae_clf_tuning\AEclf_lr0p001_elr1em4_bs64_h512_256_128_64.jpg
Total runtime: 1273.9s
