Device: cpu
Seeds: [1]
======================================================================
Input dim (raw): 377
Classes: 677
Random baseline acc: 0.1477%
======================================================================
Loading pretrained autoencoder for end-to-end fine-tuning...
Autoencoder checkpoint: runs_autoencoder/autoencoder_seed0_lr0.0001_bs64_z128_bestVAL0.000248_test0.000235.pth
Autoencoder loaded (latent_dim=128)
Encoder LR: 1e-05  |  Classifier head LR: 0.001
[seed 1] Early stopping (no improvement for 10 epochs)
[seed 1] VAL macroF1=0.8014 | TEST acc=0.8199 | macroP/R/F1=0.7828/0.8482/0.7953 | top3=0.9406 | top5=0.9680

GRID_METRIC val_macro_f1 0.801376
GRID_METRIC val_macro_f1_std 0.000000
GRID_METRIC val_acc 0.822806
GRID_METRIC val_top3 0.942112
GRID_METRIC val_top5 0.968967

=== TEST METRICS over seeds (mean ± std) ===
Test Loss       : 0.5284 ± 0.0000
Test Acc        : 0.8199 ± 0.0000
Macro Precision : 0.7828 ± 0.0000
Macro Recall    : 0.8482 ± 0.0000
Macro F1        : 0.7953 ± 0.0000
Top-3 Acc       : 0.9406 ± 0.0000
Top-5 Acc       : 0.9680 ± 0.0000

=== Aggregated confusion statistics (summed over seeds) ===
Total test examples (summed across seeds): 24652
Correct (diagonal) count: 20211 (81.9852%)
Errors (off-diagonal) count: 4441 (18.0148%)

=== Top-5 most commonly confused (True → Pred) across all seeds ===
 1. noninfectious gastroenteritis  →  infectious gastroenteritis   (count=41)
 2. psychotic disorder  →  schizophrenia   (count=28)
 3. cholecystitis  →  gallstone   (count=28)
 4. acute bronchitis  →  chronic obstructive pulmonary disease (copd)   (count=26)
 5. acute bronchitis  →  asthma   (count=26)

=== Representative per-class performance (aggregated over seeds) ===
Disease | Support | Accuracy | Precision | Recall | F1
rhabdomyolysis | 1 | 0.0000 | 0.0000 | 0.0000 | 0.0000
raynaud disease | 1 | 0.0000 | 0.0000 | 0.0000 | 0.0000
hypothermia | 1 | 0.0000 | 0.0000 | 0.0000 | 0.0000
diabetes insipidus | 1 | 0.0000 | 0.0000 | 0.0000 | 0.0000
tourette syndrome | 3 | 1.0000 | 0.7500 | 1.0000 | 0.8571
dislocation of the shoulder | 6 | 1.0000 | 0.7500 | 1.0000 | 0.8571
lactose intolerance | 13 | 0.9231 | 0.8000 | 0.9231 | 0.8571
premenstrual tension syndrome | 13 | 0.9231 | 0.8000 | 0.9231 | 0.8571
amyotrophic lateral sclerosis (als) | 6 | 1.0000 | 1.0000 | 1.0000 | 1.0000
amblyopia | 4 | 1.0000 | 1.0000 | 1.0000 | 1.0000
allergy to animals | 4 | 1.0000 | 1.0000 | 1.0000 | 1.0000
alcoholic liver disease | 24 | 1.0000 | 1.0000 | 1.0000 | 1.0000

Done.
Saved heatmap: runs_ae_clf_tuning\AEclf_lr0p001_elr1em5_bs32_h256_128_64.png and runs_ae_clf_tuning\AEclf_lr0p001_elr1em5_bs32_h256_128_64.jpg
Total runtime: 1176.6s
