Device: cpu
Seeds: [1]
======================================================================
Input dim (raw): 377
Classes: 677
Random baseline acc: 0.1477%
======================================================================
Loading pretrained autoencoder for end-to-end fine-tuning...
Autoencoder checkpoint: runs_autoencoder/autoencoder_seed0_lr0.0001_bs64_z128_bestVAL0.000248_test0.000235.pth
Autoencoder loaded (latent_dim=128)
Encoder LR: 0.001  |  Classifier head LR: 0.001
[seed 1] Early stopping (no improvement for 10 epochs)
[seed 1] VAL macroF1=0.8232 | TEST acc=0.8356 | macroP/R/F1=0.8068/0.8675/0.8188 | top3=0.9410 | top5=0.9664

GRID_METRIC val_macro_f1 0.823186
GRID_METRIC val_macro_f1_std 0.000000
GRID_METRIC val_acc 0.839641
GRID_METRIC val_top3 0.942477
GRID_METRIC val_top5 0.966371

=== TEST METRICS over seeds (mean ± std) ===
Test Loss       : 0.5249 ± 0.0000
Test Acc        : 0.8356 ± 0.0000
Macro Precision : 0.8068 ± 0.0000
Macro Recall    : 0.8675 ± 0.0000
Macro F1        : 0.8188 ± 0.0000
Top-3 Acc       : 0.9410 ± 0.0000
Top-5 Acc       : 0.9664 ± 0.0000

=== Aggregated confusion statistics (summed over seeds) ===
Total test examples (summed across seeds): 24652
Correct (diagonal) count: 20600 (83.5632%)
Errors (off-diagonal) count: 4052 (16.4368%)

=== Top-5 most commonly confused (True → Pred) across all seeds ===
 1. noninfectious gastroenteritis  →  infectious gastroenteritis   (count=39)
 2. depression  →  post-traumatic stress disorder (ptsd)   (count=28)
 3. skin polyp  →  skin disorder   (count=27)
 4. tooth disorder  →  gum disease   (count=26)
 5. degenerative disc disease  →  spinal stenosis   (count=25)

=== Representative per-class performance (aggregated over seeds) ===
Disease | Support | Accuracy | Precision | Recall | F1
open wound of the nose | 1 | 0.0000 | 0.0000 | 0.0000 | 0.0000
galactorrhea of unknown cause | 1 | 0.0000 | 0.0000 | 0.0000 | 0.0000
rhabdomyolysis | 1 | 0.0000 | 0.0000 | 0.0000 | 0.0000
birth trauma | 1 | 0.0000 | 0.0000 | 0.0000 | 0.0000
primary insomnia | 19 | 0.8947 | 0.8500 | 0.8947 | 0.8718
parkinson disease | 52 | 0.7885 | 0.9762 | 0.7885 | 0.8723
vulvodynia | 122 | 0.8689 | 0.8760 | 0.8689 | 0.8724
rectal disorder | 90 | 0.9333 | 0.8235 | 0.9333 | 0.8750
volvulus | 1 | 1.0000 | 1.0000 | 1.0000 | 1.0000
anemia due to malignancy | 1 | 1.0000 | 1.0000 | 1.0000 | 1.0000
anemia of chronic disease | 4 | 1.0000 | 1.0000 | 1.0000 | 1.0000
aspergillosis | 1 | 1.0000 | 1.0000 | 1.0000 | 1.0000

Done.
Saved heatmap: runs_ae_clf_tuning\AEclf_lr0p001_elr1em3_bs32_h256_128_64.png and runs_ae_clf_tuning\AEclf_lr0p001_elr1em3_bs32_h256_128_64.jpg
Total runtime: 1513.5s
