Device: cpu
Seeds: [1]
======================================================================
Input dim (raw): 377
Classes: 677
Random baseline acc: 0.1477%
======================================================================
Loading pretrained autoencoder for end-to-end fine-tuning...
Autoencoder checkpoint: runs_autoencoder/autoencoder_seed0_lr0.0001_bs64_z128_bestVAL0.000248_test0.000235.pth
Autoencoder loaded (latent_dim=128)
Encoder LR: 0.0001  |  Classifier head LR: 0.0003
[seed 1] Early stopping (no improvement for 10 epochs)
[seed 1] VAL macroF1=0.8400 | TEST acc=0.8470 | macroP/R/F1=0.8228/0.8774/0.8352 | top3=0.9513 | top5=0.9738

GRID_METRIC val_macro_f1 0.840004
GRID_METRIC val_macro_f1_std 0.000000
GRID_METRIC val_acc 0.850391
GRID_METRIC val_top3 0.950550
GRID_METRIC val_top5 0.973348

=== TEST METRICS over seeds (mean ± std) ===
Test Loss       : 0.4325 ± 0.0000
Test Acc        : 0.8470 ± 0.0000
Macro Precision : 0.8228 ± 0.0000
Macro Recall    : 0.8774 ± 0.0000
Macro F1        : 0.8352 ± 0.0000
Top-3 Acc       : 0.9513 ± 0.0000
Top-5 Acc       : 0.9738 ± 0.0000

=== Aggregated confusion statistics (summed over seeds) ===
Total test examples (summed across seeds): 24652
Correct (diagonal) count: 20880 (84.6990%)
Errors (off-diagonal) count: 3772 (15.3010%)

=== Top-5 most commonly confused (True → Pred) across all seeds ===
 1. infectious gastroenteritis  →  noninfectious gastroenteritis   (count=45)
 2. cholecystitis  →  gallstone   (count=30)
 3. acute bronchitis  →  chronic obstructive pulmonary disease (copd)   (count=23)
 4. depression  →  post-traumatic stress disorder (ptsd)   (count=22)
 5. vaginal cyst  →  spontaneous abortion   (count=21)

=== Representative per-class performance (aggregated over seeds) ===
Disease | Support | Accuracy | Precision | Recall | F1
pregnancy | 1 | 0.0000 | 0.0000 | 0.0000 | 0.0000
birth trauma | 1 | 0.0000 | 0.0000 | 0.0000 | 0.0000
thyroid disease | 1 | 0.0000 | 0.0000 | 0.0000 | 0.0000
diabetes insipidus | 1 | 0.0000 | 0.0000 | 0.0000 | 0.0000
scarlet fever | 9 | 0.8889 | 0.8889 | 0.8889 | 0.8889
stricture of the esophagus | 8 | 1.0000 | 0.8000 | 1.0000 | 0.8889
intestinal malabsorption | 16 | 1.0000 | 0.8000 | 1.0000 | 0.8889
spina bifida | 8 | 1.0000 | 0.8000 | 1.0000 | 0.8889
adrenal adenoma | 3 | 1.0000 | 1.0000 | 1.0000 | 1.0000
uveitis | 2 | 1.0000 | 1.0000 | 1.0000 | 1.0000
amblyopia | 4 | 1.0000 | 1.0000 | 1.0000 | 1.0000
alcoholic liver disease | 24 | 1.0000 | 1.0000 | 1.0000 | 1.0000

Done.
Saved heatmap: runs_ae_clf_tuning\AEclf_lr0p0003_elr1em4_bs32_h512_256_128_64.png and runs_ae_clf_tuning\AEclf_lr0p0003_elr1em4_bs32_h512_256_128_64.jpg
Total runtime: 2180.3s
