Device: cpu
Seeds: [1]
======================================================================
Input dim (raw): 377
Classes: 677
Random baseline acc: 0.1477%
======================================================================
Loading trained autoencoder...
Autoencoder checkpoint: runs_autoencoder/autoencoder_seed0_lr0.0001_bs64_z128_bestVAL0.000248_test0.000235.pth
Autoencoder loaded (latent_dim=128)
[seed 1] Early stopping (no improvement for 10 epochs)
[seed 1] VAL macroF1=0.8370 | TEST acc=0.8394 | macroP/R/F1=0.8153/0.8651/0.8239 | top3=0.9500 | top5=0.9742

GRID_METRIC val_macro_f1 0.837022
GRID_METRIC val_macro_f1_std 0.000000
GRID_METRIC val_acc 0.843090
GRID_METRIC val_top3 0.953065
GRID_METRIC val_top5 0.975214

=== TEST METRICS over seeds (mean ± std) ===
Test Loss       : 0.4618 ± 0.0000
Test Acc        : 0.8394 ± 0.0000
Macro Precision : 0.8153 ± 0.0000
Macro Recall    : 0.8651 ± 0.0000
Macro F1        : 0.8239 ± 0.0000
Top-3 Acc       : 0.9500 ± 0.0000
Top-5 Acc       : 0.9742 ± 0.0000

=== Aggregated confusion statistics (summed over seeds) ===
Total test examples (summed across seeds): 24652
Correct (diagonal) count: 20694 (83.9445%)
Errors (off-diagonal) count: 3958 (16.0555%)

=== Top-5 most commonly confused (True → Pred) across all seeds ===
 1. infectious gastroenteritis  →  noninfectious gastroenteritis   (count=46)
 2. psychotic disorder  →  schizophrenia   (count=30)
 3. gallstone  →  cholecystitis   (count=29)
 4. acute bronchitis  →  chronic obstructive pulmonary disease (copd)   (count=26)
 5. noninfectious gastroenteritis  →  infectious gastroenteritis   (count=25)

=== Representative per-class performance (aggregated over seeds) ===
Disease | Support | Accuracy | Precision | Recall | F1
rhabdomyolysis | 1 | 0.0000 | 0.0000 | 0.0000 | 0.0000
birth trauma | 1 | 0.0000 | 0.0000 | 0.0000 | 0.0000
central atherosclerosis | 2 | 0.0000 | 0.0000 | 0.0000 | 0.0000
cystic fibrosis | 1 | 0.0000 | 0.0000 | 0.0000 | 0.0000
aplastic anemia | 7 | 1.0000 | 0.7778 | 1.0000 | 0.8750
somatization disorder | 8 | 0.8750 | 0.8750 | 0.8750 | 0.8750
flu | 68 | 0.8824 | 0.8696 | 0.8824 | 0.8759
diverticulitis | 122 | 0.8115 | 0.9519 | 0.8115 | 0.8761
abdominal aortic aneurysm | 14 | 1.0000 | 1.0000 | 1.0000 | 1.0000
adrenal adenoma | 3 | 1.0000 | 1.0000 | 1.0000 | 1.0000
amyotrophic lateral sclerosis (als) | 6 | 1.0000 | 1.0000 | 1.0000 | 1.0000
alcoholic liver disease | 24 | 1.0000 | 1.0000 | 1.0000 | 1.0000

Done.
Saved heatmap: runs_ae_clf_tuning\AEclf_lr0p0003_bs64_h512_256_128_64.png and runs_ae_clf_tuning\AEclf_lr0p0003_bs64_h512_256_128_64.jpg
Total runtime: 888.0s
