Device: cpu
Seeds: [1]
======================================================================
Input dim (raw): 377
Classes: 677
Random baseline acc: 0.1477%
======================================================================
Loading pretrained autoencoder for end-to-end fine-tuning...
Autoencoder checkpoint: runs_autoencoder/autoencoder_seed0_lr0.0001_bs64_z128_bestVAL0.000248_test0.000235.pth
Autoencoder loaded (latent_dim=128)
Encoder LR: 0.001  |  Classifier head LR: 0.0003
[seed 1] Early stopping (no improvement for 10 epochs)
[seed 1] VAL macroF1=0.8411 | TEST acc=0.8479 | macroP/R/F1=0.8238/0.8752/0.8347 | top3=0.9514 | top5=0.9750

GRID_METRIC val_macro_f1 0.841136
GRID_METRIC val_macro_f1_std 0.000000
GRID_METRIC val_acc 0.850432
GRID_METRIC val_top3 0.951077
GRID_METRIC val_top5 0.973470

=== TEST METRICS over seeds (mean ± std) ===
Test Loss       : 0.4949 ± 0.0000
Test Acc        : 0.8479 ± 0.0000
Macro Precision : 0.8238 ± 0.0000
Macro Recall    : 0.8752 ± 0.0000
Macro F1        : 0.8347 ± 0.0000
Top-3 Acc       : 0.9514 ± 0.0000
Top-5 Acc       : 0.9750 ± 0.0000

=== Aggregated confusion statistics (summed over seeds) ===
Total test examples (summed across seeds): 24652
Correct (diagonal) count: 20902 (84.7883%)
Errors (off-diagonal) count: 3750 (15.2117%)

=== Top-5 most commonly confused (True → Pred) across all seeds ===
 1. noninfectious gastroenteritis  →  infectious gastroenteritis   (count=31)
 2. tooth disorder  →  gum disease   (count=30)
 3. schizophrenia  →  psychotic disorder   (count=28)
 4. personality disorder  →  marijuana abuse   (count=26)
 5. depression  →  post-traumatic stress disorder (ptsd)   (count=22)

=== Representative per-class performance (aggregated over seeds) ===
Disease | Support | Accuracy | Precision | Recall | F1
raynaud disease | 1 | 0.0000 | 0.0000 | 0.0000 | 0.0000
ovarian cancer | 2 | 0.0000 | 0.0000 | 0.0000 | 0.0000
rhabdomyolysis | 1 | 0.0000 | 0.0000 | 0.0000 | 0.0000
dislocation of the finger | 2 | 0.0000 | 0.0000 | 0.0000 | 0.0000
rectal disorder | 90 | 0.9222 | 0.8469 | 0.9222 | 0.8830
tonsillar hypertrophy | 34 | 1.0000 | 0.7907 | 1.0000 | 0.8831
neurosis | 90 | 0.8111 | 0.9733 | 0.8111 | 0.8848
oral mucosal lesion | 61 | 0.9016 | 0.8730 | 0.9016 | 0.8871
anemia due to malignancy | 1 | 1.0000 | 1.0000 | 1.0000 | 1.0000
anemia of chronic disease | 4 | 1.0000 | 1.0000 | 1.0000 | 1.0000
aspergillosis | 1 | 1.0000 | 1.0000 | 1.0000 | 1.0000
trichinosis | 1 | 1.0000 | 1.0000 | 1.0000 | 1.0000

Done.
Saved heatmap: runs_ae_clf_tuning\AEclf_lr0p0003_elr1em3_bs64_h256_128_64.png and runs_ae_clf_tuning\AEclf_lr0p0003_elr1em3_bs64_h256_128_64.jpg
Total runtime: 1295.4s
