Device: cpu
Seeds: [1]
======================================================================
Input dim (raw): 377
Classes: 677
Random baseline acc: 0.1477%
======================================================================
Loading pretrained autoencoder for end-to-end fine-tuning...
Autoencoder checkpoint: runs_autoencoder/autoencoder_seed0_lr0.0001_bs64_z128_bestVAL0.000248_test0.000235.pth
Autoencoder loaded (latent_dim=128)
Encoder LR: 0.0001  |  Classifier head LR: 0.0003
[seed 1] Early stopping (no improvement for 10 epochs)
[seed 1] VAL macroF1=0.8394 | TEST acc=0.8486 | macroP/R/F1=0.8322/0.8786/0.8413 | top3=0.9536 | top5=0.9757

GRID_METRIC val_macro_f1 0.839371
GRID_METRIC val_macro_f1_std 0.000000
GRID_METRIC val_acc 0.850351
GRID_METRIC val_top3 0.953552
GRID_METRIC val_top5 0.975133

=== TEST METRICS over seeds (mean ± std) ===
Test Loss       : 0.4356 ± 0.0000
Test Acc        : 0.8486 ± 0.0000
Macro Precision : 0.8322 ± 0.0000
Macro Recall    : 0.8786 ± 0.0000
Macro F1        : 0.8413 ± 0.0000
Top-3 Acc       : 0.9536 ± 0.0000
Top-5 Acc       : 0.9757 ± 0.0000

=== Aggregated confusion statistics (summed over seeds) ===
Total test examples (summed across seeds): 24652
Correct (diagonal) count: 20920 (84.8613%)
Errors (off-diagonal) count: 3732 (15.1387%)

=== Top-5 most commonly confused (True → Pred) across all seeds ===
 1. noninfectious gastroenteritis  →  infectious gastroenteritis   (count=50)
 2. cholecystitis  →  gallstone   (count=30)
 3. temporary or benign blood in urine  →  bladder disorder   (count=21)
 4. marijuana abuse  →  personality disorder   (count=19)
 5. acute bronchitis  →  chronic obstructive pulmonary disease (copd)   (count=19)

=== Representative per-class performance (aggregated over seeds) ===
Disease | Support | Accuracy | Precision | Recall | F1
hemophilia | 2 | 0.0000 | 0.0000 | 0.0000 | 0.0000
syringomyelia | 1 | 0.0000 | 0.0000 | 0.0000 | 0.0000
thyroid disease | 1 | 0.0000 | 0.0000 | 0.0000 | 0.0000
open wound of the nose | 1 | 0.0000 | 0.0000 | 0.0000 | 0.0000
poisoning due to anticonvulsants | 4 | 1.0000 | 0.8000 | 1.0000 | 0.8889
vocal cord polyp | 9 | 0.8889 | 0.8889 | 0.8889 | 0.8889
open wound of the mouth | 9 | 0.8889 | 0.8889 | 0.8889 | 0.8889
intestinal cancer | 5 | 0.8000 | 1.0000 | 0.8000 | 0.8889
adrenal adenoma | 3 | 1.0000 | 1.0000 | 1.0000 | 1.0000
alcoholic liver disease | 24 | 1.0000 | 1.0000 | 1.0000 | 1.0000
allergy to animals | 4 | 1.0000 | 1.0000 | 1.0000 | 1.0000
amblyopia | 4 | 1.0000 | 1.0000 | 1.0000 | 1.0000

Done.
Saved heatmap: runs_ae_clf_tuning\AEclf_lr0p0003_elr1em4_bs64_h512_256_128_64.png and runs_ae_clf_tuning\AEclf_lr0p0003_elr1em4_bs64_h512_256_128_64.jpg
Total runtime: 1533.7s
