Device: cpu
Seeds: [1]
======================================================================
Input dim (raw): 377
Classes: 677
Random baseline acc: 0.1477%
======================================================================
Loading pretrained autoencoder for end-to-end fine-tuning...
Autoencoder checkpoint: runs_autoencoder/autoencoder_seed0_lr0.0001_bs64_z128_bestVAL0.000248_test0.000235.pth
Autoencoder loaded (latent_dim=128)
Encoder LR: 0.001  |  Classifier head LR: 0.001
[seed 1] Early stopping (no improvement for 10 epochs)
[seed 1] VAL macroF1=0.8186 | TEST acc=0.8370 | macroP/R/F1=0.8061/0.8720/0.8197 | top3=0.9404 | top5=0.9657

GRID_METRIC val_macro_f1 0.818608
GRID_METRIC val_macro_f1_std 0.000000
GRID_METRIC val_acc 0.837897
GRID_METRIC val_top3 0.941787
GRID_METRIC val_top5 0.966127

=== TEST METRICS over seeds (mean ± std) ===
Test Loss       : 0.5093 ± 0.0000
Test Acc        : 0.8370 ± 0.0000
Macro Precision : 0.8061 ± 0.0000
Macro Recall    : 0.8720 ± 0.0000
Macro F1        : 0.8197 ± 0.0000
Top-3 Acc       : 0.9404 ± 0.0000
Top-5 Acc       : 0.9657 ± 0.0000

=== Aggregated confusion statistics (summed over seeds) ===
Total test examples (summed across seeds): 24652
Correct (diagonal) count: 20634 (83.7011%)
Errors (off-diagonal) count: 4018 (16.2989%)

=== Top-5 most commonly confused (True → Pred) across all seeds ===
 1. noninfectious gastroenteritis  →  infectious gastroenteritis   (count=39)
 2. cholecystitis  →  gallstone   (count=35)
 3. tooth disorder  →  gum disease   (count=27)
 4. depression  →  post-traumatic stress disorder (ptsd)   (count=26)
 5. psychotic disorder  →  schizophrenia   (count=23)

=== Representative per-class performance (aggregated over seeds) ===
Disease | Support | Accuracy | Precision | Recall | F1
birth trauma | 1 | 0.0000 | 0.0000 | 0.0000 | 0.0000
open wound of the nose | 1 | 0.0000 | 0.0000 | 0.0000 | 0.0000
raynaud disease | 1 | 0.0000 | 0.0000 | 0.0000 | 0.0000
central atherosclerosis | 2 | 0.0000 | 0.0000 | 0.0000 | 0.0000
pulmonary hypertension | 45 | 0.9556 | 0.7963 | 0.9556 | 0.8687
iridocyclitis | 50 | 0.8000 | 0.9524 | 0.8000 | 0.8696
orthostatic hypotension | 29 | 0.9310 | 0.8182 | 0.9310 | 0.8710
pelvic organ prolapse | 44 | 0.9318 | 0.8200 | 0.9318 | 0.8723
adrenal adenoma | 3 | 1.0000 | 1.0000 | 1.0000 | 1.0000
uveitis | 2 | 1.0000 | 1.0000 | 1.0000 | 1.0000
testicular cancer | 1 | 1.0000 | 1.0000 | 1.0000 | 1.0000
testicular disorder | 6 | 1.0000 | 1.0000 | 1.0000 | 1.0000

Done.
Saved heatmap: runs_ae_clf_tuning\AEclf_lr0p001_elr1em3_bs64_h512_256_128_64.png and runs_ae_clf_tuning\AEclf_lr0p001_elr1em3_bs64_h512_256_128_64.jpg
Total runtime: 1400.3s
